[2024-11-14T11:10:56.787+0000] {processor.py:186} INFO - Started process (PID=37) to work on /opt/airflow/dags/reddit_dag.py
[2024-11-14T11:10:56.789+0000] {processor.py:914} INFO - Processing file /opt/airflow/dags/reddit_dag.py for tasks to queue
[2024-11-14T11:10:56.792+0000] {logging_mixin.py:190} INFO - [2024-11-14T11:10:56.792+0000] {dagbag.py:588} INFO - Filling up the DagBag from /opt/airflow/dags/reddit_dag.py
[2024-11-14T11:10:56.804+0000] {logging_mixin.py:190} INFO - [2024-11-14T11:10:56.802+0000] {dagbag.py:387} ERROR - Failed to import: /opt/airflow/dags/reddit_dag.py
Traceback (most recent call last):
  File "/home/airflow/.local/lib/python3.9/site-packages/airflow/models/dagbag.py", line 383, in parse
    loader.exec_module(new_module)
  File "<frozen importlib._bootstrap_external>", line 850, in exec_module
  File "<frozen importlib._bootstrap>", line 228, in _call_with_frames_removed
  File "/opt/airflow/dags/reddit_dag.py", line 6, in <module>
    from pipelines.reddit_pipeline import reddit_pipeline
ModuleNotFoundError: No module named 'pipelines'
[2024-11-14T11:10:56.806+0000] {processor.py:927} WARNING - No viable dags retrieved from /opt/airflow/dags/reddit_dag.py
[2024-11-14T11:10:56.830+0000] {processor.py:208} INFO - Processing /opt/airflow/dags/reddit_dag.py took 0.049 seconds
[2024-11-14T11:11:27.109+0000] {processor.py:186} INFO - Started process (PID=38) to work on /opt/airflow/dags/reddit_dag.py
[2024-11-14T11:11:27.110+0000] {processor.py:914} INFO - Processing file /opt/airflow/dags/reddit_dag.py for tasks to queue
[2024-11-14T11:11:27.116+0000] {logging_mixin.py:190} INFO - [2024-11-14T11:11:27.115+0000] {dagbag.py:588} INFO - Filling up the DagBag from /opt/airflow/dags/reddit_dag.py
[2024-11-14T11:11:27.130+0000] {logging_mixin.py:190} INFO - [2024-11-14T11:11:27.128+0000] {dagbag.py:387} ERROR - Failed to import: /opt/airflow/dags/reddit_dag.py
Traceback (most recent call last):
  File "/home/airflow/.local/lib/python3.9/site-packages/airflow/models/dagbag.py", line 383, in parse
    loader.exec_module(new_module)
  File "<frozen importlib._bootstrap_external>", line 850, in exec_module
  File "<frozen importlib._bootstrap>", line 228, in _call_with_frames_removed
  File "/opt/airflow/dags/reddit_dag.py", line 6, in <module>
    from pipelines.reddit_pipeline import reddit_pipeline
ModuleNotFoundError: No module named 'pipelines'
[2024-11-14T11:11:27.131+0000] {processor.py:927} WARNING - No viable dags retrieved from /opt/airflow/dags/reddit_dag.py
[2024-11-14T11:11:27.159+0000] {processor.py:208} INFO - Processing /opt/airflow/dags/reddit_dag.py took 0.065 seconds
[2024-11-14T11:11:57.324+0000] {processor.py:186} INFO - Started process (PID=39) to work on /opt/airflow/dags/reddit_dag.py
[2024-11-14T11:11:57.326+0000] {processor.py:914} INFO - Processing file /opt/airflow/dags/reddit_dag.py for tasks to queue
[2024-11-14T11:11:57.329+0000] {logging_mixin.py:190} INFO - [2024-11-14T11:11:57.329+0000] {dagbag.py:588} INFO - Filling up the DagBag from /opt/airflow/dags/reddit_dag.py
[2024-11-14T11:11:57.336+0000] {logging_mixin.py:190} INFO - [2024-11-14T11:11:57.334+0000] {dagbag.py:387} ERROR - Failed to import: /opt/airflow/dags/reddit_dag.py
Traceback (most recent call last):
  File "/home/airflow/.local/lib/python3.9/site-packages/airflow/models/dagbag.py", line 383, in parse
    loader.exec_module(new_module)
  File "<frozen importlib._bootstrap_external>", line 850, in exec_module
  File "<frozen importlib._bootstrap>", line 228, in _call_with_frames_removed
  File "/opt/airflow/dags/reddit_dag.py", line 6, in <module>
    from pipelines.reddit_pipeline import reddit_pipeline
ModuleNotFoundError: No module named 'pipelines'
[2024-11-14T11:11:57.337+0000] {processor.py:927} WARNING - No viable dags retrieved from /opt/airflow/dags/reddit_dag.py
[2024-11-14T11:11:57.371+0000] {processor.py:208} INFO - Processing /opt/airflow/dags/reddit_dag.py took 0.055 seconds
[2024-11-14T11:12:05.453+0000] {processor.py:186} INFO - Started process (PID=40) to work on /opt/airflow/dags/reddit_dag.py
[2024-11-14T11:12:05.454+0000] {processor.py:914} INFO - Processing file /opt/airflow/dags/reddit_dag.py for tasks to queue
[2024-11-14T11:12:05.459+0000] {logging_mixin.py:190} INFO - [2024-11-14T11:12:05.458+0000] {dagbag.py:588} INFO - Filling up the DagBag from /opt/airflow/dags/reddit_dag.py
[2024-11-14T11:12:05.496+0000] {logging_mixin.py:190} INFO - [2024-11-14T11:12:05.492+0000] {dagbag.py:387} ERROR - Failed to import: /opt/airflow/dags/reddit_dag.py
Traceback (most recent call last):
  File "/home/airflow/.local/lib/python3.9/site-packages/airflow/models/dagbag.py", line 383, in parse
    loader.exec_module(new_module)
  File "<frozen importlib._bootstrap_external>", line 850, in exec_module
  File "<frozen importlib._bootstrap>", line 228, in _call_with_frames_removed
  File "/opt/airflow/dags/reddit_dag.py", line 9, in <module>
    from pipelines.reddit_pipeline import reddit_pipeline
  File "/opt/airflow/pipelines/reddit_pipeline.py", line 1, in <module>
    from utils.constants import CLIENT_ID, SECRET
  File "/opt/airflow/utils/constants.py", line 7, in <module>
    SECRET = parser.get('api_keys', 'reddit_secret_key')
  File "/usr/local/lib/python3.9/configparser.py", line 781, in get
    d = self._unify_values(section, vars)
  File "/usr/local/lib/python3.9/configparser.py", line 1152, in _unify_values
    raise NoSectionError(section) from None
configparser.NoSectionError: No section: 'api_keys'
[2024-11-14T11:12:05.498+0000] {processor.py:927} WARNING - No viable dags retrieved from /opt/airflow/dags/reddit_dag.py
[2024-11-14T11:12:05.525+0000] {processor.py:208} INFO - Processing /opt/airflow/dags/reddit_dag.py took 0.086 seconds
[2024-11-14T11:12:58.100+0000] {processor.py:186} INFO - Started process (PID=37) to work on /opt/airflow/dags/reddit_dag.py
[2024-11-14T11:12:58.102+0000] {processor.py:914} INFO - Processing file /opt/airflow/dags/reddit_dag.py for tasks to queue
[2024-11-14T11:12:58.105+0000] {logging_mixin.py:190} INFO - [2024-11-14T11:12:58.105+0000] {dagbag.py:588} INFO - Filling up the DagBag from /opt/airflow/dags/reddit_dag.py
[2024-11-14T11:12:58.116+0000] {logging_mixin.py:190} INFO - [2024-11-14T11:12:58.114+0000] {dagbag.py:387} ERROR - Failed to import: /opt/airflow/dags/reddit_dag.py
Traceback (most recent call last):
  File "/home/airflow/.local/lib/python3.9/site-packages/airflow/models/dagbag.py", line 383, in parse
    loader.exec_module(new_module)
  File "<frozen importlib._bootstrap_external>", line 850, in exec_module
  File "<frozen importlib._bootstrap>", line 228, in _call_with_frames_removed
  File "/opt/airflow/dags/reddit_dag.py", line 9, in <module>
    from pipelines.reddit_pipeline import reddit_pipeline
  File "/opt/airflow/pipelines/reddit_pipeline.py", line 1, in <module>
    from utils.constants import CLIENT_ID, SECRET
  File "/opt/airflow/utils/constants.py", line 7, in <module>
    SECRET = parser.get('api_keys', 'reddit_secret_key')
  File "/usr/local/lib/python3.9/configparser.py", line 781, in get
    d = self._unify_values(section, vars)
  File "/usr/local/lib/python3.9/configparser.py", line 1152, in _unify_values
    raise NoSectionError(section) from None
configparser.NoSectionError: No section: 'api_keys'
[2024-11-14T11:12:58.117+0000] {processor.py:927} WARNING - No viable dags retrieved from /opt/airflow/dags/reddit_dag.py
[2024-11-14T11:12:58.137+0000] {processor.py:208} INFO - Processing /opt/airflow/dags/reddit_dag.py took 0.045 seconds
[2024-11-14T11:13:28.343+0000] {processor.py:186} INFO - Started process (PID=38) to work on /opt/airflow/dags/reddit_dag.py
[2024-11-14T11:13:28.344+0000] {processor.py:914} INFO - Processing file /opt/airflow/dags/reddit_dag.py for tasks to queue
[2024-11-14T11:13:28.347+0000] {logging_mixin.py:190} INFO - [2024-11-14T11:13:28.346+0000] {dagbag.py:588} INFO - Filling up the DagBag from /opt/airflow/dags/reddit_dag.py
[2024-11-14T11:13:28.356+0000] {logging_mixin.py:190} INFO - [2024-11-14T11:13:28.354+0000] {dagbag.py:387} ERROR - Failed to import: /opt/airflow/dags/reddit_dag.py
Traceback (most recent call last):
  File "/home/airflow/.local/lib/python3.9/site-packages/airflow/models/dagbag.py", line 383, in parse
    loader.exec_module(new_module)
  File "<frozen importlib._bootstrap_external>", line 850, in exec_module
  File "<frozen importlib._bootstrap>", line 228, in _call_with_frames_removed
  File "/opt/airflow/dags/reddit_dag.py", line 9, in <module>
    from pipelines.reddit_pipeline import reddit_pipeline
  File "/opt/airflow/pipelines/reddit_pipeline.py", line 1, in <module>
    from utils.constants import CLIENT_ID, SECRET
  File "/opt/airflow/utils/constants.py", line 7, in <module>
    SECRET = parser.get('api_keys', 'reddit_secret_key')
  File "/usr/local/lib/python3.9/configparser.py", line 781, in get
    d = self._unify_values(section, vars)
  File "/usr/local/lib/python3.9/configparser.py", line 1152, in _unify_values
    raise NoSectionError(section) from None
configparser.NoSectionError: No section: 'api_keys'
[2024-11-14T11:13:28.356+0000] {processor.py:927} WARNING - No viable dags retrieved from /opt/airflow/dags/reddit_dag.py
[2024-11-14T11:13:28.376+0000] {processor.py:208} INFO - Processing /opt/airflow/dags/reddit_dag.py took 0.039 seconds
[2024-11-14T11:13:58.587+0000] {processor.py:186} INFO - Started process (PID=39) to work on /opt/airflow/dags/reddit_dag.py
[2024-11-14T11:13:58.588+0000] {processor.py:914} INFO - Processing file /opt/airflow/dags/reddit_dag.py for tasks to queue
[2024-11-14T11:13:58.595+0000] {logging_mixin.py:190} INFO - [2024-11-14T11:13:58.594+0000] {dagbag.py:588} INFO - Filling up the DagBag from /opt/airflow/dags/reddit_dag.py
[2024-11-14T11:13:58.607+0000] {logging_mixin.py:190} INFO - [2024-11-14T11:13:58.604+0000] {dagbag.py:387} ERROR - Failed to import: /opt/airflow/dags/reddit_dag.py
Traceback (most recent call last):
  File "/home/airflow/.local/lib/python3.9/site-packages/airflow/models/dagbag.py", line 383, in parse
    loader.exec_module(new_module)
  File "<frozen importlib._bootstrap_external>", line 850, in exec_module
  File "<frozen importlib._bootstrap>", line 228, in _call_with_frames_removed
  File "/opt/airflow/dags/reddit_dag.py", line 9, in <module>
    from pipelines.reddit_pipeline import reddit_pipeline
  File "/opt/airflow/pipelines/reddit_pipeline.py", line 1, in <module>
    from utils.constants import CLIENT_ID, SECRET
  File "/opt/airflow/utils/constants.py", line 7, in <module>
    SECRET = parser.get('api_keys', 'reddit_secret_key')
  File "/usr/local/lib/python3.9/configparser.py", line 781, in get
    d = self._unify_values(section, vars)
  File "/usr/local/lib/python3.9/configparser.py", line 1152, in _unify_values
    raise NoSectionError(section) from None
configparser.NoSectionError: No section: 'api_keys'
[2024-11-14T11:13:58.607+0000] {processor.py:927} WARNING - No viable dags retrieved from /opt/airflow/dags/reddit_dag.py
[2024-11-14T11:13:58.633+0000] {processor.py:208} INFO - Processing /opt/airflow/dags/reddit_dag.py took 0.056 seconds
[2024-11-14T11:14:28.828+0000] {processor.py:186} INFO - Started process (PID=40) to work on /opt/airflow/dags/reddit_dag.py
[2024-11-14T11:14:28.829+0000] {processor.py:914} INFO - Processing file /opt/airflow/dags/reddit_dag.py for tasks to queue
[2024-11-14T11:14:28.833+0000] {logging_mixin.py:190} INFO - [2024-11-14T11:14:28.833+0000] {dagbag.py:588} INFO - Filling up the DagBag from /opt/airflow/dags/reddit_dag.py
[2024-11-14T11:14:28.845+0000] {logging_mixin.py:190} INFO - [2024-11-14T11:14:28.842+0000] {dagbag.py:387} ERROR - Failed to import: /opt/airflow/dags/reddit_dag.py
Traceback (most recent call last):
  File "/home/airflow/.local/lib/python3.9/site-packages/airflow/models/dagbag.py", line 383, in parse
    loader.exec_module(new_module)
  File "<frozen importlib._bootstrap_external>", line 850, in exec_module
  File "<frozen importlib._bootstrap>", line 228, in _call_with_frames_removed
  File "/opt/airflow/dags/reddit_dag.py", line 9, in <module>
    from pipelines.reddit_pipeline import reddit_pipeline
  File "/opt/airflow/pipelines/reddit_pipeline.py", line 1, in <module>
    from utils.constants import CLIENT_ID, SECRET
  File "/opt/airflow/utils/constants.py", line 7, in <module>
    SECRET = parser.get('api_keys', 'reddit_secret_key')
  File "/usr/local/lib/python3.9/configparser.py", line 781, in get
    d = self._unify_values(section, vars)
  File "/usr/local/lib/python3.9/configparser.py", line 1152, in _unify_values
    raise NoSectionError(section) from None
configparser.NoSectionError: No section: 'api_keys'
[2024-11-14T11:14:28.845+0000] {processor.py:927} WARNING - No viable dags retrieved from /opt/airflow/dags/reddit_dag.py
[2024-11-14T11:14:28.870+0000] {processor.py:208} INFO - Processing /opt/airflow/dags/reddit_dag.py took 0.055 seconds
[2024-11-14T11:14:59.070+0000] {processor.py:186} INFO - Started process (PID=41) to work on /opt/airflow/dags/reddit_dag.py
[2024-11-14T11:14:59.071+0000] {processor.py:914} INFO - Processing file /opt/airflow/dags/reddit_dag.py for tasks to queue
[2024-11-14T11:14:59.075+0000] {logging_mixin.py:190} INFO - [2024-11-14T11:14:59.074+0000] {dagbag.py:588} INFO - Filling up the DagBag from /opt/airflow/dags/reddit_dag.py
[2024-11-14T11:14:59.082+0000] {logging_mixin.py:190} INFO - [2024-11-14T11:14:59.081+0000] {dagbag.py:387} ERROR - Failed to import: /opt/airflow/dags/reddit_dag.py
Traceback (most recent call last):
  File "/home/airflow/.local/lib/python3.9/site-packages/airflow/models/dagbag.py", line 383, in parse
    loader.exec_module(new_module)
  File "<frozen importlib._bootstrap_external>", line 850, in exec_module
  File "<frozen importlib._bootstrap>", line 228, in _call_with_frames_removed
  File "/opt/airflow/dags/reddit_dag.py", line 9, in <module>
    from pipelines.reddit_pipeline import reddit_pipeline
  File "/opt/airflow/pipelines/reddit_pipeline.py", line 1, in <module>
    from utils.constants import CLIENT_ID, SECRET
  File "/opt/airflow/utils/constants.py", line 7, in <module>
    SECRET = parser.get('api_keys', 'reddit_secret_key')
  File "/usr/local/lib/python3.9/configparser.py", line 781, in get
    d = self._unify_values(section, vars)
  File "/usr/local/lib/python3.9/configparser.py", line 1152, in _unify_values
    raise NoSectionError(section) from None
configparser.NoSectionError: No section: 'api_keys'
[2024-11-14T11:14:59.083+0000] {processor.py:927} WARNING - No viable dags retrieved from /opt/airflow/dags/reddit_dag.py
[2024-11-14T11:14:59.103+0000] {processor.py:208} INFO - Processing /opt/airflow/dags/reddit_dag.py took 0.041 seconds
[2024-11-14T11:15:35.182+0000] {processor.py:186} INFO - Started process (PID=37) to work on /opt/airflow/dags/reddit_dag.py
[2024-11-14T11:15:35.184+0000] {processor.py:914} INFO - Processing file /opt/airflow/dags/reddit_dag.py for tasks to queue
[2024-11-14T11:15:35.189+0000] {logging_mixin.py:190} INFO - [2024-11-14T11:15:35.188+0000] {dagbag.py:588} INFO - Filling up the DagBag from /opt/airflow/dags/reddit_dag.py
[2024-11-14T11:15:35.207+0000] {logging_mixin.py:190} INFO - [2024-11-14T11:15:35.203+0000] {dagbag.py:387} ERROR - Failed to import: /opt/airflow/dags/reddit_dag.py
Traceback (most recent call last):
  File "/home/airflow/.local/lib/python3.9/site-packages/airflow/models/dagbag.py", line 383, in parse
    loader.exec_module(new_module)
  File "<frozen importlib._bootstrap_external>", line 850, in exec_module
  File "<frozen importlib._bootstrap>", line 228, in _call_with_frames_removed
  File "/opt/airflow/dags/reddit_dag.py", line 9, in <module>
    from pipelines.reddit_pipeline import reddit_pipeline
  File "/opt/airflow/pipelines/reddit_pipeline.py", line 1, in <module>
    from utils.constants import CLIENT_ID, SECRET
  File "/opt/airflow/utils/constants.py", line 7, in <module>
    SECRET = parser.get('api_keys', 'reddit_secret_key')
  File "/usr/local/lib/python3.9/configparser.py", line 781, in get
    d = self._unify_values(section, vars)
  File "/usr/local/lib/python3.9/configparser.py", line 1152, in _unify_values
    raise NoSectionError(section) from None
configparser.NoSectionError: No section: 'api_keys'
[2024-11-14T11:15:35.208+0000] {processor.py:927} WARNING - No viable dags retrieved from /opt/airflow/dags/reddit_dag.py
[2024-11-14T11:15:35.233+0000] {processor.py:208} INFO - Processing /opt/airflow/dags/reddit_dag.py took 0.058 seconds
[2024-11-14T11:16:05.412+0000] {processor.py:186} INFO - Started process (PID=38) to work on /opt/airflow/dags/reddit_dag.py
[2024-11-14T11:16:05.414+0000] {processor.py:914} INFO - Processing file /opt/airflow/dags/reddit_dag.py for tasks to queue
[2024-11-14T11:16:05.417+0000] {logging_mixin.py:190} INFO - [2024-11-14T11:16:05.416+0000] {dagbag.py:588} INFO - Filling up the DagBag from /opt/airflow/dags/reddit_dag.py
[2024-11-14T11:16:05.426+0000] {logging_mixin.py:190} INFO - [2024-11-14T11:16:05.424+0000] {dagbag.py:387} ERROR - Failed to import: /opt/airflow/dags/reddit_dag.py
Traceback (most recent call last):
  File "/home/airflow/.local/lib/python3.9/site-packages/airflow/models/dagbag.py", line 383, in parse
    loader.exec_module(new_module)
  File "<frozen importlib._bootstrap_external>", line 850, in exec_module
  File "<frozen importlib._bootstrap>", line 228, in _call_with_frames_removed
  File "/opt/airflow/dags/reddit_dag.py", line 9, in <module>
    from pipelines.reddit_pipeline import reddit_pipeline
  File "/opt/airflow/pipelines/reddit_pipeline.py", line 1, in <module>
    from utils.constants import CLIENT_ID, SECRET
  File "/opt/airflow/utils/constants.py", line 7, in <module>
    SECRET = parser.get('api_keys', 'reddit_secret_key')
  File "/usr/local/lib/python3.9/configparser.py", line 781, in get
    d = self._unify_values(section, vars)
  File "/usr/local/lib/python3.9/configparser.py", line 1152, in _unify_values
    raise NoSectionError(section) from None
configparser.NoSectionError: No section: 'api_keys'
[2024-11-14T11:16:05.426+0000] {processor.py:927} WARNING - No viable dags retrieved from /opt/airflow/dags/reddit_dag.py
[2024-11-14T11:16:05.449+0000] {processor.py:208} INFO - Processing /opt/airflow/dags/reddit_dag.py took 0.046 seconds
[2024-11-14T11:16:35.658+0000] {processor.py:186} INFO - Started process (PID=39) to work on /opt/airflow/dags/reddit_dag.py
[2024-11-14T11:16:35.659+0000] {processor.py:914} INFO - Processing file /opt/airflow/dags/reddit_dag.py for tasks to queue
[2024-11-14T11:16:35.662+0000] {logging_mixin.py:190} INFO - [2024-11-14T11:16:35.662+0000] {dagbag.py:588} INFO - Filling up the DagBag from /opt/airflow/dags/reddit_dag.py
[2024-11-14T11:16:35.670+0000] {logging_mixin.py:190} INFO - [2024-11-14T11:16:35.668+0000] {dagbag.py:387} ERROR - Failed to import: /opt/airflow/dags/reddit_dag.py
Traceback (most recent call last):
  File "/home/airflow/.local/lib/python3.9/site-packages/airflow/models/dagbag.py", line 383, in parse
    loader.exec_module(new_module)
  File "<frozen importlib._bootstrap_external>", line 850, in exec_module
  File "<frozen importlib._bootstrap>", line 228, in _call_with_frames_removed
  File "/opt/airflow/dags/reddit_dag.py", line 9, in <module>
    from pipelines.reddit_pipeline import reddit_pipeline
  File "/opt/airflow/pipelines/reddit_pipeline.py", line 1, in <module>
    from utils.constants import CLIENT_ID, SECRET
  File "/opt/airflow/utils/constants.py", line 7, in <module>
    SECRET = parser.get('api_keys', 'reddit_secret_key')
  File "/usr/local/lib/python3.9/configparser.py", line 781, in get
    d = self._unify_values(section, vars)
  File "/usr/local/lib/python3.9/configparser.py", line 1152, in _unify_values
    raise NoSectionError(section) from None
configparser.NoSectionError: No section: 'api_keys'
[2024-11-14T11:16:35.671+0000] {processor.py:927} WARNING - No viable dags retrieved from /opt/airflow/dags/reddit_dag.py
[2024-11-14T11:16:35.690+0000] {processor.py:208} INFO - Processing /opt/airflow/dags/reddit_dag.py took 0.039 seconds
[2024-11-14T11:17:05.887+0000] {processor.py:186} INFO - Started process (PID=40) to work on /opt/airflow/dags/reddit_dag.py
[2024-11-14T11:17:05.888+0000] {processor.py:914} INFO - Processing file /opt/airflow/dags/reddit_dag.py for tasks to queue
[2024-11-14T11:17:05.891+0000] {logging_mixin.py:190} INFO - [2024-11-14T11:17:05.891+0000] {dagbag.py:588} INFO - Filling up the DagBag from /opt/airflow/dags/reddit_dag.py
[2024-11-14T11:17:05.901+0000] {logging_mixin.py:190} INFO - [2024-11-14T11:17:05.899+0000] {dagbag.py:387} ERROR - Failed to import: /opt/airflow/dags/reddit_dag.py
Traceback (most recent call last):
  File "/home/airflow/.local/lib/python3.9/site-packages/airflow/models/dagbag.py", line 383, in parse
    loader.exec_module(new_module)
  File "<frozen importlib._bootstrap_external>", line 850, in exec_module
  File "<frozen importlib._bootstrap>", line 228, in _call_with_frames_removed
  File "/opt/airflow/dags/reddit_dag.py", line 9, in <module>
    from pipelines.reddit_pipeline import reddit_pipeline
  File "/opt/airflow/pipelines/reddit_pipeline.py", line 1, in <module>
    from utils.constants import CLIENT_ID, SECRET
  File "/opt/airflow/utils/constants.py", line 7, in <module>
    SECRET = parser.get('api_keys', 'reddit_secret_key')
  File "/usr/local/lib/python3.9/configparser.py", line 781, in get
    d = self._unify_values(section, vars)
  File "/usr/local/lib/python3.9/configparser.py", line 1152, in _unify_values
    raise NoSectionError(section) from None
configparser.NoSectionError: No section: 'api_keys'
[2024-11-14T11:17:05.901+0000] {processor.py:927} WARNING - No viable dags retrieved from /opt/airflow/dags/reddit_dag.py
[2024-11-14T11:17:05.922+0000] {processor.py:208} INFO - Processing /opt/airflow/dags/reddit_dag.py took 0.043 seconds
[2024-11-14T11:17:36.132+0000] {processor.py:186} INFO - Started process (PID=41) to work on /opt/airflow/dags/reddit_dag.py
[2024-11-14T11:17:36.133+0000] {processor.py:914} INFO - Processing file /opt/airflow/dags/reddit_dag.py for tasks to queue
[2024-11-14T11:17:36.136+0000] {logging_mixin.py:190} INFO - [2024-11-14T11:17:36.135+0000] {dagbag.py:588} INFO - Filling up the DagBag from /opt/airflow/dags/reddit_dag.py
[2024-11-14T11:17:36.145+0000] {logging_mixin.py:190} INFO - [2024-11-14T11:17:36.142+0000] {dagbag.py:387} ERROR - Failed to import: /opt/airflow/dags/reddit_dag.py
Traceback (most recent call last):
  File "/home/airflow/.local/lib/python3.9/site-packages/airflow/models/dagbag.py", line 383, in parse
    loader.exec_module(new_module)
  File "<frozen importlib._bootstrap_external>", line 850, in exec_module
  File "<frozen importlib._bootstrap>", line 228, in _call_with_frames_removed
  File "/opt/airflow/dags/reddit_dag.py", line 9, in <module>
    from pipelines.reddit_pipeline import reddit_pipeline
  File "/opt/airflow/pipelines/reddit_pipeline.py", line 1, in <module>
    from utils.constants import CLIENT_ID, SECRET
  File "/opt/airflow/utils/constants.py", line 7, in <module>
    SECRET = parser.get('api_keys', 'reddit_secret_key')
  File "/usr/local/lib/python3.9/configparser.py", line 781, in get
    d = self._unify_values(section, vars)
  File "/usr/local/lib/python3.9/configparser.py", line 1152, in _unify_values
    raise NoSectionError(section) from None
configparser.NoSectionError: No section: 'api_keys'
[2024-11-14T11:17:36.145+0000] {processor.py:927} WARNING - No viable dags retrieved from /opt/airflow/dags/reddit_dag.py
[2024-11-14T11:17:36.168+0000] {processor.py:208} INFO - Processing /opt/airflow/dags/reddit_dag.py took 0.043 seconds
[2024-11-14T11:18:06.364+0000] {processor.py:186} INFO - Started process (PID=42) to work on /opt/airflow/dags/reddit_dag.py
[2024-11-14T11:18:06.365+0000] {processor.py:914} INFO - Processing file /opt/airflow/dags/reddit_dag.py for tasks to queue
[2024-11-14T11:18:06.369+0000] {logging_mixin.py:190} INFO - [2024-11-14T11:18:06.368+0000] {dagbag.py:588} INFO - Filling up the DagBag from /opt/airflow/dags/reddit_dag.py
[2024-11-14T11:18:06.379+0000] {logging_mixin.py:190} INFO - [2024-11-14T11:18:06.377+0000] {dagbag.py:387} ERROR - Failed to import: /opt/airflow/dags/reddit_dag.py
Traceback (most recent call last):
  File "/home/airflow/.local/lib/python3.9/site-packages/airflow/models/dagbag.py", line 383, in parse
    loader.exec_module(new_module)
  File "<frozen importlib._bootstrap_external>", line 850, in exec_module
  File "<frozen importlib._bootstrap>", line 228, in _call_with_frames_removed
  File "/opt/airflow/dags/reddit_dag.py", line 9, in <module>
    from pipelines.reddit_pipeline import reddit_pipeline
  File "/opt/airflow/pipelines/reddit_pipeline.py", line 1, in <module>
    from utils.constants import CLIENT_ID, SECRET
  File "/opt/airflow/utils/constants.py", line 7, in <module>
    SECRET = parser.get('api_keys', 'reddit_secret_key')
  File "/usr/local/lib/python3.9/configparser.py", line 781, in get
    d = self._unify_values(section, vars)
  File "/usr/local/lib/python3.9/configparser.py", line 1152, in _unify_values
    raise NoSectionError(section) from None
configparser.NoSectionError: No section: 'api_keys'
[2024-11-14T11:18:06.380+0000] {processor.py:927} WARNING - No viable dags retrieved from /opt/airflow/dags/reddit_dag.py
[2024-11-14T11:18:06.402+0000] {processor.py:208} INFO - Processing /opt/airflow/dags/reddit_dag.py took 0.045 seconds
[2024-11-14T11:18:36.621+0000] {processor.py:186} INFO - Started process (PID=43) to work on /opt/airflow/dags/reddit_dag.py
[2024-11-14T11:18:36.622+0000] {processor.py:914} INFO - Processing file /opt/airflow/dags/reddit_dag.py for tasks to queue
[2024-11-14T11:18:36.625+0000] {logging_mixin.py:190} INFO - [2024-11-14T11:18:36.624+0000] {dagbag.py:588} INFO - Filling up the DagBag from /opt/airflow/dags/reddit_dag.py
[2024-11-14T11:18:36.632+0000] {logging_mixin.py:190} INFO - [2024-11-14T11:18:36.631+0000] {dagbag.py:387} ERROR - Failed to import: /opt/airflow/dags/reddit_dag.py
Traceback (most recent call last):
  File "/home/airflow/.local/lib/python3.9/site-packages/airflow/models/dagbag.py", line 383, in parse
    loader.exec_module(new_module)
  File "<frozen importlib._bootstrap_external>", line 850, in exec_module
  File "<frozen importlib._bootstrap>", line 228, in _call_with_frames_removed
  File "/opt/airflow/dags/reddit_dag.py", line 9, in <module>
    from pipelines.reddit_pipeline import reddit_pipeline
  File "/opt/airflow/pipelines/reddit_pipeline.py", line 1, in <module>
    from utils.constants import CLIENT_ID, SECRET
  File "/opt/airflow/utils/constants.py", line 7, in <module>
    SECRET = parser.get('api_keys', 'reddit_secret_key')
  File "/usr/local/lib/python3.9/configparser.py", line 781, in get
    d = self._unify_values(section, vars)
  File "/usr/local/lib/python3.9/configparser.py", line 1152, in _unify_values
    raise NoSectionError(section) from None
configparser.NoSectionError: No section: 'api_keys'
[2024-11-14T11:18:36.633+0000] {processor.py:927} WARNING - No viable dags retrieved from /opt/airflow/dags/reddit_dag.py
[2024-11-14T11:18:36.656+0000] {processor.py:208} INFO - Processing /opt/airflow/dags/reddit_dag.py took 0.041 seconds
[2024-11-14T11:19:06.613+0000] {processor.py:186} INFO - Started process (PID=37) to work on /opt/airflow/dags/reddit_dag.py
[2024-11-14T11:19:06.614+0000] {processor.py:914} INFO - Processing file /opt/airflow/dags/reddit_dag.py for tasks to queue
[2024-11-14T11:19:06.617+0000] {logging_mixin.py:190} INFO - [2024-11-14T11:19:06.617+0000] {dagbag.py:588} INFO - Filling up the DagBag from /opt/airflow/dags/reddit_dag.py
[2024-11-14T11:19:06.633+0000] {logging_mixin.py:190} INFO - [2024-11-14T11:19:06.630+0000] {dagbag.py:387} ERROR - Failed to import: /opt/airflow/dags/reddit_dag.py
Traceback (most recent call last):
  File "/usr/local/lib/python3.9/configparser.py", line 789, in get
    value = d[option]
  File "/usr/local/lib/python3.9/collections/__init__.py", line 941, in __getitem__
    return self.__missing__(key)            # support subclasses that define __missing__
  File "/usr/local/lib/python3.9/collections/__init__.py", line 933, in __missing__
    raise KeyError(key)
KeyError: 'database_user'

During handling of the above exception, another exception occurred:

Traceback (most recent call last):
  File "/home/airflow/.local/lib/python3.9/site-packages/airflow/models/dagbag.py", line 383, in parse
    loader.exec_module(new_module)
  File "<frozen importlib._bootstrap_external>", line 850, in exec_module
  File "<frozen importlib._bootstrap>", line 228, in _call_with_frames_removed
  File "/opt/airflow/dags/reddit_dag.py", line 9, in <module>
    from pipelines.reddit_pipeline import reddit_pipeline
  File "/opt/airflow/pipelines/reddit_pipeline.py", line 1, in <module>
    from utils.constants import CLIENT_ID, SECRET
  File "/opt/airflow/utils/constants.py", line 13, in <module>
    DATABASE_USER = parser.get('database', 'database_user')
  File "/usr/local/lib/python3.9/configparser.py", line 792, in get
    raise NoOptionError(option, section)
configparser.NoOptionError: No option 'database_user' in section: 'database'
[2024-11-14T11:19:06.634+0000] {processor.py:927} WARNING - No viable dags retrieved from /opt/airflow/dags/reddit_dag.py
[2024-11-14T11:19:06.657+0000] {processor.py:208} INFO - Processing /opt/airflow/dags/reddit_dag.py took 0.051 seconds
[2024-11-14T11:19:36.853+0000] {processor.py:186} INFO - Started process (PID=38) to work on /opt/airflow/dags/reddit_dag.py
[2024-11-14T11:19:36.854+0000] {processor.py:914} INFO - Processing file /opt/airflow/dags/reddit_dag.py for tasks to queue
[2024-11-14T11:19:36.857+0000] {logging_mixin.py:190} INFO - [2024-11-14T11:19:36.857+0000] {dagbag.py:588} INFO - Filling up the DagBag from /opt/airflow/dags/reddit_dag.py
[2024-11-14T11:19:36.866+0000] {logging_mixin.py:190} INFO - [2024-11-14T11:19:36.864+0000] {dagbag.py:387} ERROR - Failed to import: /opt/airflow/dags/reddit_dag.py
Traceback (most recent call last):
  File "/usr/local/lib/python3.9/configparser.py", line 789, in get
    value = d[option]
  File "/usr/local/lib/python3.9/collections/__init__.py", line 941, in __getitem__
    return self.__missing__(key)            # support subclasses that define __missing__
  File "/usr/local/lib/python3.9/collections/__init__.py", line 933, in __missing__
    raise KeyError(key)
KeyError: 'database_user'

During handling of the above exception, another exception occurred:

Traceback (most recent call last):
  File "/home/airflow/.local/lib/python3.9/site-packages/airflow/models/dagbag.py", line 383, in parse
    loader.exec_module(new_module)
  File "<frozen importlib._bootstrap_external>", line 850, in exec_module
  File "<frozen importlib._bootstrap>", line 228, in _call_with_frames_removed
  File "/opt/airflow/dags/reddit_dag.py", line 9, in <module>
    from pipelines.reddit_pipeline import reddit_pipeline
  File "/opt/airflow/pipelines/reddit_pipeline.py", line 1, in <module>
    from utils.constants import CLIENT_ID, SECRET
  File "/opt/airflow/utils/constants.py", line 13, in <module>
    DATABASE_USER = parser.get('database', 'database_user')
  File "/usr/local/lib/python3.9/configparser.py", line 792, in get
    raise NoOptionError(option, section)
configparser.NoOptionError: No option 'database_user' in section: 'database'
[2024-11-14T11:19:36.866+0000] {processor.py:927} WARNING - No viable dags retrieved from /opt/airflow/dags/reddit_dag.py
[2024-11-14T11:19:36.887+0000] {processor.py:208} INFO - Processing /opt/airflow/dags/reddit_dag.py took 0.041 seconds
[2024-11-14T11:20:07.099+0000] {processor.py:186} INFO - Started process (PID=39) to work on /opt/airflow/dags/reddit_dag.py
[2024-11-14T11:20:07.100+0000] {processor.py:914} INFO - Processing file /opt/airflow/dags/reddit_dag.py for tasks to queue
[2024-11-14T11:20:07.105+0000] {logging_mixin.py:190} INFO - [2024-11-14T11:20:07.104+0000] {dagbag.py:588} INFO - Filling up the DagBag from /opt/airflow/dags/reddit_dag.py
[2024-11-14T11:20:07.116+0000] {logging_mixin.py:190} INFO - [2024-11-14T11:20:07.114+0000] {dagbag.py:387} ERROR - Failed to import: /opt/airflow/dags/reddit_dag.py
Traceback (most recent call last):
  File "/usr/local/lib/python3.9/configparser.py", line 789, in get
    value = d[option]
  File "/usr/local/lib/python3.9/collections/__init__.py", line 941, in __getitem__
    return self.__missing__(key)            # support subclasses that define __missing__
  File "/usr/local/lib/python3.9/collections/__init__.py", line 933, in __missing__
    raise KeyError(key)
KeyError: 'database_user'

During handling of the above exception, another exception occurred:

Traceback (most recent call last):
  File "/home/airflow/.local/lib/python3.9/site-packages/airflow/models/dagbag.py", line 383, in parse
    loader.exec_module(new_module)
  File "<frozen importlib._bootstrap_external>", line 850, in exec_module
  File "<frozen importlib._bootstrap>", line 228, in _call_with_frames_removed
  File "/opt/airflow/dags/reddit_dag.py", line 9, in <module>
    from pipelines.reddit_pipeline import reddit_pipeline
  File "/opt/airflow/pipelines/reddit_pipeline.py", line 1, in <module>
    from utils.constants import CLIENT_ID, SECRET
  File "/opt/airflow/utils/constants.py", line 13, in <module>
    DATABASE_USER = parser.get('database', 'database_user')
  File "/usr/local/lib/python3.9/configparser.py", line 792, in get
    raise NoOptionError(option, section)
configparser.NoOptionError: No option 'database_user' in section: 'database'
[2024-11-14T11:20:07.118+0000] {processor.py:927} WARNING - No viable dags retrieved from /opt/airflow/dags/reddit_dag.py
[2024-11-14T11:20:07.145+0000] {processor.py:208} INFO - Processing /opt/airflow/dags/reddit_dag.py took 0.054 seconds
[2024-11-14T11:20:37.324+0000] {processor.py:186} INFO - Started process (PID=40) to work on /opt/airflow/dags/reddit_dag.py
[2024-11-14T11:20:37.325+0000] {processor.py:914} INFO - Processing file /opt/airflow/dags/reddit_dag.py for tasks to queue
[2024-11-14T11:20:37.328+0000] {logging_mixin.py:190} INFO - [2024-11-14T11:20:37.328+0000] {dagbag.py:588} INFO - Filling up the DagBag from /opt/airflow/dags/reddit_dag.py
[2024-11-14T11:20:37.339+0000] {logging_mixin.py:190} INFO - [2024-11-14T11:20:37.336+0000] {dagbag.py:387} ERROR - Failed to import: /opt/airflow/dags/reddit_dag.py
Traceback (most recent call last):
  File "/usr/local/lib/python3.9/configparser.py", line 789, in get
    value = d[option]
  File "/usr/local/lib/python3.9/collections/__init__.py", line 941, in __getitem__
    return self.__missing__(key)            # support subclasses that define __missing__
  File "/usr/local/lib/python3.9/collections/__init__.py", line 933, in __missing__
    raise KeyError(key)
KeyError: 'database_user'

During handling of the above exception, another exception occurred:

Traceback (most recent call last):
  File "/home/airflow/.local/lib/python3.9/site-packages/airflow/models/dagbag.py", line 383, in parse
    loader.exec_module(new_module)
  File "<frozen importlib._bootstrap_external>", line 850, in exec_module
  File "<frozen importlib._bootstrap>", line 228, in _call_with_frames_removed
  File "/opt/airflow/dags/reddit_dag.py", line 9, in <module>
    from pipelines.reddit_pipeline import reddit_pipeline
  File "/opt/airflow/pipelines/reddit_pipeline.py", line 1, in <module>
    from utils.constants import CLIENT_ID, SECRET
  File "/opt/airflow/utils/constants.py", line 13, in <module>
    DATABASE_USER = parser.get('database', 'database_user')
  File "/usr/local/lib/python3.9/configparser.py", line 792, in get
    raise NoOptionError(option, section)
configparser.NoOptionError: No option 'database_user' in section: 'database'
[2024-11-14T11:20:37.340+0000] {processor.py:927} WARNING - No viable dags retrieved from /opt/airflow/dags/reddit_dag.py
[2024-11-14T11:20:37.365+0000] {processor.py:208} INFO - Processing /opt/airflow/dags/reddit_dag.py took 0.048 seconds
[2024-11-14T11:21:07.585+0000] {processor.py:186} INFO - Started process (PID=41) to work on /opt/airflow/dags/reddit_dag.py
[2024-11-14T11:21:07.586+0000] {processor.py:914} INFO - Processing file /opt/airflow/dags/reddit_dag.py for tasks to queue
[2024-11-14T11:21:07.588+0000] {logging_mixin.py:190} INFO - [2024-11-14T11:21:07.588+0000] {dagbag.py:588} INFO - Filling up the DagBag from /opt/airflow/dags/reddit_dag.py
[2024-11-14T11:21:07.603+0000] {logging_mixin.py:190} INFO - [2024-11-14T11:21:07.600+0000] {dagbag.py:387} ERROR - Failed to import: /opt/airflow/dags/reddit_dag.py
Traceback (most recent call last):
  File "/usr/local/lib/python3.9/configparser.py", line 789, in get
    value = d[option]
  File "/usr/local/lib/python3.9/collections/__init__.py", line 941, in __getitem__
    return self.__missing__(key)            # support subclasses that define __missing__
  File "/usr/local/lib/python3.9/collections/__init__.py", line 933, in __missing__
    raise KeyError(key)
KeyError: 'database_user'

During handling of the above exception, another exception occurred:

Traceback (most recent call last):
  File "/home/airflow/.local/lib/python3.9/site-packages/airflow/models/dagbag.py", line 383, in parse
    loader.exec_module(new_module)
  File "<frozen importlib._bootstrap_external>", line 850, in exec_module
  File "<frozen importlib._bootstrap>", line 228, in _call_with_frames_removed
  File "/opt/airflow/dags/reddit_dag.py", line 9, in <module>
    from pipelines.reddit_pipeline import reddit_pipeline
  File "/opt/airflow/pipelines/reddit_pipeline.py", line 1, in <module>
    from utils.constants import CLIENT_ID, SECRET
  File "/opt/airflow/utils/constants.py", line 13, in <module>
    DATABASE_USER = parser.get('database', 'database_user')
  File "/usr/local/lib/python3.9/configparser.py", line 792, in get
    raise NoOptionError(option, section)
configparser.NoOptionError: No option 'database_user' in section: 'database'
[2024-11-14T11:21:07.604+0000] {processor.py:927} WARNING - No viable dags retrieved from /opt/airflow/dags/reddit_dag.py
[2024-11-14T11:21:07.624+0000] {processor.py:208} INFO - Processing /opt/airflow/dags/reddit_dag.py took 0.047 seconds
[2024-11-14T11:21:37.832+0000] {processor.py:186} INFO - Started process (PID=42) to work on /opt/airflow/dags/reddit_dag.py
[2024-11-14T11:21:37.833+0000] {processor.py:914} INFO - Processing file /opt/airflow/dags/reddit_dag.py for tasks to queue
[2024-11-14T11:21:37.837+0000] {logging_mixin.py:190} INFO - [2024-11-14T11:21:37.836+0000] {dagbag.py:588} INFO - Filling up the DagBag from /opt/airflow/dags/reddit_dag.py
[2024-11-14T11:21:37.845+0000] {logging_mixin.py:190} INFO - [2024-11-14T11:21:37.843+0000] {dagbag.py:387} ERROR - Failed to import: /opt/airflow/dags/reddit_dag.py
Traceback (most recent call last):
  File "/usr/local/lib/python3.9/configparser.py", line 789, in get
    value = d[option]
  File "/usr/local/lib/python3.9/collections/__init__.py", line 941, in __getitem__
    return self.__missing__(key)            # support subclasses that define __missing__
  File "/usr/local/lib/python3.9/collections/__init__.py", line 933, in __missing__
    raise KeyError(key)
KeyError: 'database_user'

During handling of the above exception, another exception occurred:

Traceback (most recent call last):
  File "/home/airflow/.local/lib/python3.9/site-packages/airflow/models/dagbag.py", line 383, in parse
    loader.exec_module(new_module)
  File "<frozen importlib._bootstrap_external>", line 850, in exec_module
  File "<frozen importlib._bootstrap>", line 228, in _call_with_frames_removed
  File "/opt/airflow/dags/reddit_dag.py", line 9, in <module>
    from pipelines.reddit_pipeline import reddit_pipeline
  File "/opt/airflow/pipelines/reddit_pipeline.py", line 1, in <module>
    from utils.constants import CLIENT_ID, SECRET
  File "/opt/airflow/utils/constants.py", line 13, in <module>
    DATABASE_USER = parser.get('database', 'database_user')
  File "/usr/local/lib/python3.9/configparser.py", line 792, in get
    raise NoOptionError(option, section)
configparser.NoOptionError: No option 'database_user' in section: 'database'
[2024-11-14T11:21:37.845+0000] {processor.py:927} WARNING - No viable dags retrieved from /opt/airflow/dags/reddit_dag.py
[2024-11-14T11:21:37.866+0000] {processor.py:208} INFO - Processing /opt/airflow/dags/reddit_dag.py took 0.041 seconds
[2024-11-14T11:22:08.083+0000] {processor.py:186} INFO - Started process (PID=43) to work on /opt/airflow/dags/reddit_dag.py
[2024-11-14T11:22:08.084+0000] {processor.py:914} INFO - Processing file /opt/airflow/dags/reddit_dag.py for tasks to queue
[2024-11-14T11:22:08.087+0000] {logging_mixin.py:190} INFO - [2024-11-14T11:22:08.087+0000] {dagbag.py:588} INFO - Filling up the DagBag from /opt/airflow/dags/reddit_dag.py
[2024-11-14T11:22:08.096+0000] {logging_mixin.py:190} INFO - [2024-11-14T11:22:08.094+0000] {dagbag.py:387} ERROR - Failed to import: /opt/airflow/dags/reddit_dag.py
Traceback (most recent call last):
  File "/usr/local/lib/python3.9/configparser.py", line 789, in get
    value = d[option]
  File "/usr/local/lib/python3.9/collections/__init__.py", line 941, in __getitem__
    return self.__missing__(key)            # support subclasses that define __missing__
  File "/usr/local/lib/python3.9/collections/__init__.py", line 933, in __missing__
    raise KeyError(key)
KeyError: 'database_user'

During handling of the above exception, another exception occurred:

Traceback (most recent call last):
  File "/home/airflow/.local/lib/python3.9/site-packages/airflow/models/dagbag.py", line 383, in parse
    loader.exec_module(new_module)
  File "<frozen importlib._bootstrap_external>", line 850, in exec_module
  File "<frozen importlib._bootstrap>", line 228, in _call_with_frames_removed
  File "/opt/airflow/dags/reddit_dag.py", line 9, in <module>
    from pipelines.reddit_pipeline import reddit_pipeline
  File "/opt/airflow/pipelines/reddit_pipeline.py", line 1, in <module>
    from utils.constants import CLIENT_ID, SECRET
  File "/opt/airflow/utils/constants.py", line 13, in <module>
    DATABASE_USER = parser.get('database', 'database_user')
  File "/usr/local/lib/python3.9/configparser.py", line 792, in get
    raise NoOptionError(option, section)
configparser.NoOptionError: No option 'database_user' in section: 'database'
[2024-11-14T11:22:08.097+0000] {processor.py:927} WARNING - No viable dags retrieved from /opt/airflow/dags/reddit_dag.py
[2024-11-14T11:22:08.119+0000] {processor.py:208} INFO - Processing /opt/airflow/dags/reddit_dag.py took 0.043 seconds
[2024-11-14T11:22:38.325+0000] {processor.py:186} INFO - Started process (PID=44) to work on /opt/airflow/dags/reddit_dag.py
[2024-11-14T11:22:38.326+0000] {processor.py:914} INFO - Processing file /opt/airflow/dags/reddit_dag.py for tasks to queue
[2024-11-14T11:22:38.329+0000] {logging_mixin.py:190} INFO - [2024-11-14T11:22:38.329+0000] {dagbag.py:588} INFO - Filling up the DagBag from /opt/airflow/dags/reddit_dag.py
[2024-11-14T11:22:38.338+0000] {logging_mixin.py:190} INFO - [2024-11-14T11:22:38.336+0000] {dagbag.py:387} ERROR - Failed to import: /opt/airflow/dags/reddit_dag.py
Traceback (most recent call last):
  File "/usr/local/lib/python3.9/configparser.py", line 789, in get
    value = d[option]
  File "/usr/local/lib/python3.9/collections/__init__.py", line 941, in __getitem__
    return self.__missing__(key)            # support subclasses that define __missing__
  File "/usr/local/lib/python3.9/collections/__init__.py", line 933, in __missing__
    raise KeyError(key)
KeyError: 'database_user'

During handling of the above exception, another exception occurred:

Traceback (most recent call last):
  File "/home/airflow/.local/lib/python3.9/site-packages/airflow/models/dagbag.py", line 383, in parse
    loader.exec_module(new_module)
  File "<frozen importlib._bootstrap_external>", line 850, in exec_module
  File "<frozen importlib._bootstrap>", line 228, in _call_with_frames_removed
  File "/opt/airflow/dags/reddit_dag.py", line 9, in <module>
    from pipelines.reddit_pipeline import reddit_pipeline
  File "/opt/airflow/pipelines/reddit_pipeline.py", line 1, in <module>
    from utils.constants import CLIENT_ID, SECRET
  File "/opt/airflow/utils/constants.py", line 13, in <module>
    DATABASE_USER = parser.get('database', 'database_user')
  File "/usr/local/lib/python3.9/configparser.py", line 792, in get
    raise NoOptionError(option, section)
configparser.NoOptionError: No option 'database_user' in section: 'database'
[2024-11-14T11:22:38.339+0000] {processor.py:927} WARNING - No viable dags retrieved from /opt/airflow/dags/reddit_dag.py
[2024-11-14T11:22:38.362+0000] {processor.py:208} INFO - Processing /opt/airflow/dags/reddit_dag.py took 0.043 seconds
[2024-11-14T11:23:08.569+0000] {processor.py:186} INFO - Started process (PID=45) to work on /opt/airflow/dags/reddit_dag.py
[2024-11-14T11:23:08.570+0000] {processor.py:914} INFO - Processing file /opt/airflow/dags/reddit_dag.py for tasks to queue
[2024-11-14T11:23:08.573+0000] {logging_mixin.py:190} INFO - [2024-11-14T11:23:08.572+0000] {dagbag.py:588} INFO - Filling up the DagBag from /opt/airflow/dags/reddit_dag.py
[2024-11-14T11:23:08.581+0000] {logging_mixin.py:190} INFO - [2024-11-14T11:23:08.579+0000] {dagbag.py:387} ERROR - Failed to import: /opt/airflow/dags/reddit_dag.py
Traceback (most recent call last):
  File "/usr/local/lib/python3.9/configparser.py", line 789, in get
    value = d[option]
  File "/usr/local/lib/python3.9/collections/__init__.py", line 941, in __getitem__
    return self.__missing__(key)            # support subclasses that define __missing__
  File "/usr/local/lib/python3.9/collections/__init__.py", line 933, in __missing__
    raise KeyError(key)
KeyError: 'database_user'

During handling of the above exception, another exception occurred:

Traceback (most recent call last):
  File "/home/airflow/.local/lib/python3.9/site-packages/airflow/models/dagbag.py", line 383, in parse
    loader.exec_module(new_module)
  File "<frozen importlib._bootstrap_external>", line 850, in exec_module
  File "<frozen importlib._bootstrap>", line 228, in _call_with_frames_removed
  File "/opt/airflow/dags/reddit_dag.py", line 9, in <module>
    from pipelines.reddit_pipeline import reddit_pipeline
  File "/opt/airflow/pipelines/reddit_pipeline.py", line 1, in <module>
    from utils.constants import CLIENT_ID, SECRET
  File "/opt/airflow/utils/constants.py", line 13, in <module>
    DATABASE_USER = parser.get('database', 'database_user')
  File "/usr/local/lib/python3.9/configparser.py", line 792, in get
    raise NoOptionError(option, section)
configparser.NoOptionError: No option 'database_user' in section: 'database'
[2024-11-14T11:23:08.581+0000] {processor.py:927} WARNING - No viable dags retrieved from /opt/airflow/dags/reddit_dag.py
[2024-11-14T11:23:08.606+0000] {processor.py:208} INFO - Processing /opt/airflow/dags/reddit_dag.py took 0.044 seconds
[2024-11-14T11:23:53.682+0000] {processor.py:186} INFO - Started process (PID=37) to work on /opt/airflow/dags/reddit_dag.py
[2024-11-14T11:23:53.684+0000] {processor.py:914} INFO - Processing file /opt/airflow/dags/reddit_dag.py for tasks to queue
[2024-11-14T11:23:53.687+0000] {logging_mixin.py:190} INFO - [2024-11-14T11:23:53.686+0000] {dagbag.py:588} INFO - Filling up the DagBag from /opt/airflow/dags/reddit_dag.py
[2024-11-14T11:23:53.801+0000] {logging_mixin.py:190} INFO - 20241114
[2024-11-14T11:23:53.816+0000] {processor.py:925} INFO - DAG(s) 'etl_reddit_pipeline' retrieved from /opt/airflow/dags/reddit_dag.py
[2024-11-14T11:23:54.055+0000] {logging_mixin.py:190} INFO - [2024-11-14T11:23:54.054+0000] {override.py:1911} INFO - Created Permission View: can edit on DAG:etl_reddit_pipeline
[2024-11-14T11:23:54.074+0000] {logging_mixin.py:190} INFO - [2024-11-14T11:23:54.073+0000] {override.py:1911} INFO - Created Permission View: can delete on DAG:etl_reddit_pipeline
[2024-11-14T11:23:54.084+0000] {logging_mixin.py:190} INFO - [2024-11-14T11:23:54.083+0000] {override.py:1911} INFO - Created Permission View: can read on DAG:etl_reddit_pipeline
[2024-11-14T11:23:54.096+0000] {logging_mixin.py:190} INFO - [2024-11-14T11:23:54.096+0000] {override.py:1911} INFO - Created Permission View: can create on DAG Run:etl_reddit_pipeline
[2024-11-14T11:23:54.110+0000] {logging_mixin.py:190} INFO - [2024-11-14T11:23:54.110+0000] {override.py:1911} INFO - Created Permission View: can delete on DAG Run:etl_reddit_pipeline
[2024-11-14T11:23:54.123+0000] {logging_mixin.py:190} INFO - [2024-11-14T11:23:54.122+0000] {override.py:1911} INFO - Created Permission View: can read on DAG Run:etl_reddit_pipeline
[2024-11-14T11:23:54.134+0000] {logging_mixin.py:190} INFO - [2024-11-14T11:23:54.133+0000] {override.py:1911} INFO - Created Permission View: menu access on DAG Run:etl_reddit_pipeline
[2024-11-14T11:23:54.136+0000] {logging_mixin.py:190} INFO - [2024-11-14T11:23:54.136+0000] {dag.py:3239} INFO - Sync 1 DAGs
[2024-11-14T11:23:54.161+0000] {logging_mixin.py:190} INFO - [2024-11-14T11:23:54.161+0000] {dag.py:3262} INFO - Creating ORM DAG for etl_reddit_pipeline
[2024-11-14T11:23:54.175+0000] {logging_mixin.py:190} INFO - [2024-11-14T11:23:54.175+0000] {dag.py:4180} INFO - Setting next_dagrun for etl_reddit_pipeline to 2024-11-13 00:00:00+00:00, run_after=2024-11-14 00:00:00+00:00
[2024-11-14T11:23:54.208+0000] {processor.py:208} INFO - Processing /opt/airflow/dags/reddit_dag.py took 0.533 seconds
[2024-11-14T11:24:24.438+0000] {processor.py:186} INFO - Started process (PID=38) to work on /opt/airflow/dags/reddit_dag.py
[2024-11-14T11:24:24.440+0000] {processor.py:914} INFO - Processing file /opt/airflow/dags/reddit_dag.py for tasks to queue
[2024-11-14T11:24:24.443+0000] {logging_mixin.py:190} INFO - [2024-11-14T11:24:24.443+0000] {dagbag.py:588} INFO - Filling up the DagBag from /opt/airflow/dags/reddit_dag.py
[2024-11-14T11:24:24.505+0000] {logging_mixin.py:190} INFO - 20241114
[2024-11-14T11:24:24.515+0000] {processor.py:925} INFO - DAG(s) 'etl_reddit_pipeline' retrieved from /opt/airflow/dags/reddit_dag.py
[2024-11-14T11:24:24.535+0000] {logging_mixin.py:190} INFO - [2024-11-14T11:24:24.534+0000] {dag.py:3239} INFO - Sync 1 DAGs
[2024-11-14T11:24:24.565+0000] {logging_mixin.py:190} INFO - [2024-11-14T11:24:24.565+0000] {dag.py:4180} INFO - Setting next_dagrun for etl_reddit_pipeline to 2024-11-13 00:00:00+00:00, run_after=2024-11-14 00:00:00+00:00
[2024-11-14T11:24:24.588+0000] {processor.py:208} INFO - Processing /opt/airflow/dags/reddit_dag.py took 0.159 seconds
[2024-11-14T11:24:54.673+0000] {processor.py:186} INFO - Started process (PID=39) to work on /opt/airflow/dags/reddit_dag.py
[2024-11-14T11:24:54.675+0000] {processor.py:914} INFO - Processing file /opt/airflow/dags/reddit_dag.py for tasks to queue
[2024-11-14T11:24:54.684+0000] {logging_mixin.py:190} INFO - [2024-11-14T11:24:54.683+0000] {dagbag.py:588} INFO - Filling up the DagBag from /opt/airflow/dags/reddit_dag.py
[2024-11-14T11:24:54.762+0000] {logging_mixin.py:190} INFO - 20241114
[2024-11-14T11:24:54.774+0000] {processor.py:925} INFO - DAG(s) 'etl_reddit_pipeline' retrieved from /opt/airflow/dags/reddit_dag.py
[2024-11-14T11:24:54.797+0000] {logging_mixin.py:190} INFO - [2024-11-14T11:24:54.796+0000] {dag.py:3239} INFO - Sync 1 DAGs
[2024-11-14T11:24:54.826+0000] {logging_mixin.py:190} INFO - [2024-11-14T11:24:54.825+0000] {dag.py:4180} INFO - Setting next_dagrun for etl_reddit_pipeline to 2024-11-13 00:00:00+00:00, run_after=2024-11-14 00:00:00+00:00
[2024-11-14T11:24:54.854+0000] {processor.py:208} INFO - Processing /opt/airflow/dags/reddit_dag.py took 0.192 seconds
[2024-11-14T11:25:01.864+0000] {processor.py:186} INFO - Started process (PID=40) to work on /opt/airflow/dags/reddit_dag.py
[2024-11-14T11:25:01.865+0000] {processor.py:914} INFO - Processing file /opt/airflow/dags/reddit_dag.py for tasks to queue
[2024-11-14T11:25:01.868+0000] {logging_mixin.py:190} INFO - [2024-11-14T11:25:01.868+0000] {dagbag.py:588} INFO - Filling up the DagBag from /opt/airflow/dags/reddit_dag.py
[2024-11-14T11:25:01.906+0000] {logging_mixin.py:190} INFO - 20241114
[2024-11-14T11:25:01.916+0000] {processor.py:925} INFO - DAG(s) 'etl_reddit_pipeline' retrieved from /opt/airflow/dags/reddit_dag.py
[2024-11-14T11:25:02.057+0000] {logging_mixin.py:190} INFO - [2024-11-14T11:25:02.056+0000] {dag.py:3239} INFO - Sync 1 DAGs
[2024-11-14T11:25:02.084+0000] {logging_mixin.py:190} INFO - [2024-11-14T11:25:02.084+0000] {dag.py:4180} INFO - Setting next_dagrun for etl_reddit_pipeline to 2024-11-13 00:00:00+00:00, run_after=2024-11-14 00:00:00+00:00
[2024-11-14T11:25:02.115+0000] {processor.py:208} INFO - Processing /opt/airflow/dags/reddit_dag.py took 0.258 seconds
[2024-11-14T11:25:35.356+0000] {processor.py:186} INFO - Started process (PID=37) to work on /opt/airflow/dags/reddit_dag.py
[2024-11-14T11:25:35.358+0000] {processor.py:914} INFO - Processing file /opt/airflow/dags/reddit_dag.py for tasks to queue
[2024-11-14T11:25:35.367+0000] {logging_mixin.py:190} INFO - [2024-11-14T11:25:35.365+0000] {dagbag.py:588} INFO - Filling up the DagBag from /opt/airflow/dags/reddit_dag.py
[2024-11-14T11:25:35.438+0000] {logging_mixin.py:190} INFO - 20241114
[2024-11-14T11:25:35.452+0000] {processor.py:925} INFO - DAG(s) 'etl_reddit_pipeline' retrieved from /opt/airflow/dags/reddit_dag.py
[2024-11-14T11:25:35.489+0000] {logging_mixin.py:190} INFO - [2024-11-14T11:25:35.489+0000] {dag.py:3239} INFO - Sync 1 DAGs
[2024-11-14T11:25:35.527+0000] {logging_mixin.py:190} INFO - [2024-11-14T11:25:35.526+0000] {dag.py:4180} INFO - Setting next_dagrun for etl_reddit_pipeline to 2024-11-13 00:00:00+00:00, run_after=2024-11-14 00:00:00+00:00
[2024-11-14T11:25:35.562+0000] {processor.py:208} INFO - Processing /opt/airflow/dags/reddit_dag.py took 0.223 seconds
[2024-11-14T11:26:05.620+0000] {processor.py:186} INFO - Started process (PID=38) to work on /opt/airflow/dags/reddit_dag.py
[2024-11-14T11:26:05.621+0000] {processor.py:914} INFO - Processing file /opt/airflow/dags/reddit_dag.py for tasks to queue
[2024-11-14T11:26:05.624+0000] {logging_mixin.py:190} INFO - [2024-11-14T11:26:05.624+0000] {dagbag.py:588} INFO - Filling up the DagBag from /opt/airflow/dags/reddit_dag.py
[2024-11-14T11:26:05.682+0000] {logging_mixin.py:190} INFO - 20241114
[2024-11-14T11:26:05.691+0000] {processor.py:925} INFO - DAG(s) 'etl_reddit_pipeline' retrieved from /opt/airflow/dags/reddit_dag.py
[2024-11-14T11:26:05.720+0000] {logging_mixin.py:190} INFO - [2024-11-14T11:26:05.720+0000] {dag.py:3239} INFO - Sync 1 DAGs
[2024-11-14T11:26:05.747+0000] {logging_mixin.py:190} INFO - [2024-11-14T11:26:05.746+0000] {dag.py:4180} INFO - Setting next_dagrun for etl_reddit_pipeline to 2024-11-13 00:00:00+00:00, run_after=2024-11-14 00:00:00+00:00
[2024-11-14T11:26:05.772+0000] {processor.py:208} INFO - Processing /opt/airflow/dags/reddit_dag.py took 0.159 seconds
[2024-11-14T11:26:36.031+0000] {processor.py:186} INFO - Started process (PID=39) to work on /opt/airflow/dags/reddit_dag.py
[2024-11-14T11:26:36.032+0000] {processor.py:914} INFO - Processing file /opt/airflow/dags/reddit_dag.py for tasks to queue
[2024-11-14T11:26:36.037+0000] {logging_mixin.py:190} INFO - [2024-11-14T11:26:36.036+0000] {dagbag.py:588} INFO - Filling up the DagBag from /opt/airflow/dags/reddit_dag.py
[2024-11-14T11:26:36.110+0000] {logging_mixin.py:190} INFO - 20241114
[2024-11-14T11:26:36.126+0000] {processor.py:925} INFO - DAG(s) 'etl_reddit_pipeline' retrieved from /opt/airflow/dags/reddit_dag.py
[2024-11-14T11:26:36.159+0000] {logging_mixin.py:190} INFO - [2024-11-14T11:26:36.159+0000] {dag.py:3239} INFO - Sync 1 DAGs
[2024-11-14T11:26:36.192+0000] {logging_mixin.py:190} INFO - [2024-11-14T11:26:36.192+0000] {dag.py:4180} INFO - Setting next_dagrun for etl_reddit_pipeline to 2024-11-13 00:00:00+00:00, run_after=2024-11-14 00:00:00+00:00
[2024-11-14T11:26:36.238+0000] {processor.py:208} INFO - Processing /opt/airflow/dags/reddit_dag.py took 0.221 seconds
[2024-11-14T11:27:06.453+0000] {processor.py:186} INFO - Started process (PID=40) to work on /opt/airflow/dags/reddit_dag.py
[2024-11-14T11:27:06.454+0000] {processor.py:914} INFO - Processing file /opt/airflow/dags/reddit_dag.py for tasks to queue
[2024-11-14T11:27:06.458+0000] {logging_mixin.py:190} INFO - [2024-11-14T11:27:06.457+0000] {dagbag.py:588} INFO - Filling up the DagBag from /opt/airflow/dags/reddit_dag.py
[2024-11-14T11:27:06.506+0000] {logging_mixin.py:190} INFO - 20241114
[2024-11-14T11:27:06.516+0000] {processor.py:925} INFO - DAG(s) 'etl_reddit_pipeline' retrieved from /opt/airflow/dags/reddit_dag.py
[2024-11-14T11:27:06.546+0000] {logging_mixin.py:190} INFO - [2024-11-14T11:27:06.545+0000] {dag.py:3239} INFO - Sync 1 DAGs
[2024-11-14T11:27:06.572+0000] {logging_mixin.py:190} INFO - [2024-11-14T11:27:06.571+0000] {dag.py:4180} INFO - Setting next_dagrun for etl_reddit_pipeline to 2024-11-13 00:00:00+00:00, run_after=2024-11-14 00:00:00+00:00
[2024-11-14T11:27:06.596+0000] {processor.py:208} INFO - Processing /opt/airflow/dags/reddit_dag.py took 0.150 seconds
[2024-11-14T11:27:36.679+0000] {processor.py:186} INFO - Started process (PID=41) to work on /opt/airflow/dags/reddit_dag.py
[2024-11-14T11:27:36.681+0000] {processor.py:914} INFO - Processing file /opt/airflow/dags/reddit_dag.py for tasks to queue
[2024-11-14T11:27:36.684+0000] {logging_mixin.py:190} INFO - [2024-11-14T11:27:36.683+0000] {dagbag.py:588} INFO - Filling up the DagBag from /opt/airflow/dags/reddit_dag.py
[2024-11-14T11:27:36.727+0000] {logging_mixin.py:190} INFO - 20241114
[2024-11-14T11:27:36.739+0000] {processor.py:925} INFO - DAG(s) 'etl_reddit_pipeline' retrieved from /opt/airflow/dags/reddit_dag.py
[2024-11-14T11:27:36.769+0000] {logging_mixin.py:190} INFO - [2024-11-14T11:27:36.769+0000] {dag.py:3239} INFO - Sync 1 DAGs
[2024-11-14T11:27:36.800+0000] {logging_mixin.py:190} INFO - [2024-11-14T11:27:36.800+0000] {dag.py:4180} INFO - Setting next_dagrun for etl_reddit_pipeline to 2024-11-13 00:00:00+00:00, run_after=2024-11-14 00:00:00+00:00
[2024-11-14T11:27:36.825+0000] {processor.py:208} INFO - Processing /opt/airflow/dags/reddit_dag.py took 0.153 seconds
[2024-11-14T11:28:07.024+0000] {processor.py:186} INFO - Started process (PID=42) to work on /opt/airflow/dags/reddit_dag.py
[2024-11-14T11:28:07.025+0000] {processor.py:914} INFO - Processing file /opt/airflow/dags/reddit_dag.py for tasks to queue
[2024-11-14T11:28:07.028+0000] {logging_mixin.py:190} INFO - [2024-11-14T11:28:07.028+0000] {dagbag.py:588} INFO - Filling up the DagBag from /opt/airflow/dags/reddit_dag.py
[2024-11-14T11:28:07.067+0000] {logging_mixin.py:190} INFO - 20241114
[2024-11-14T11:28:07.078+0000] {processor.py:925} INFO - DAG(s) 'etl_reddit_pipeline' retrieved from /opt/airflow/dags/reddit_dag.py
[2024-11-14T11:28:07.103+0000] {logging_mixin.py:190} INFO - [2024-11-14T11:28:07.103+0000] {dag.py:3239} INFO - Sync 1 DAGs
[2024-11-14T11:28:07.134+0000] {logging_mixin.py:190} INFO - [2024-11-14T11:28:07.134+0000] {dag.py:4180} INFO - Setting next_dagrun for etl_reddit_pipeline to 2024-11-13 00:00:00+00:00, run_after=2024-11-14 00:00:00+00:00
[2024-11-14T11:28:07.162+0000] {processor.py:208} INFO - Processing /opt/airflow/dags/reddit_dag.py took 0.146 seconds
[2024-11-14T11:28:37.276+0000] {processor.py:186} INFO - Started process (PID=43) to work on /opt/airflow/dags/reddit_dag.py
[2024-11-14T11:28:37.278+0000] {processor.py:914} INFO - Processing file /opt/airflow/dags/reddit_dag.py for tasks to queue
[2024-11-14T11:28:37.282+0000] {logging_mixin.py:190} INFO - [2024-11-14T11:28:37.281+0000] {dagbag.py:588} INFO - Filling up the DagBag from /opt/airflow/dags/reddit_dag.py
[2024-11-14T11:28:37.327+0000] {logging_mixin.py:190} INFO - 20241114
[2024-11-14T11:28:37.337+0000] {processor.py:925} INFO - DAG(s) 'etl_reddit_pipeline' retrieved from /opt/airflow/dags/reddit_dag.py
[2024-11-14T11:28:37.372+0000] {logging_mixin.py:190} INFO - [2024-11-14T11:28:37.371+0000] {dag.py:3239} INFO - Sync 1 DAGs
[2024-11-14T11:28:37.403+0000] {logging_mixin.py:190} INFO - [2024-11-14T11:28:37.403+0000] {dag.py:4180} INFO - Setting next_dagrun for etl_reddit_pipeline to 2024-11-13 00:00:00+00:00, run_after=2024-11-14 00:00:00+00:00
[2024-11-14T11:28:37.434+0000] {processor.py:208} INFO - Processing /opt/airflow/dags/reddit_dag.py took 0.166 seconds
[2024-11-14T11:29:07.593+0000] {processor.py:186} INFO - Started process (PID=44) to work on /opt/airflow/dags/reddit_dag.py
[2024-11-14T11:29:07.595+0000] {processor.py:914} INFO - Processing file /opt/airflow/dags/reddit_dag.py for tasks to queue
[2024-11-14T11:29:07.598+0000] {logging_mixin.py:190} INFO - [2024-11-14T11:29:07.598+0000] {dagbag.py:588} INFO - Filling up the DagBag from /opt/airflow/dags/reddit_dag.py
[2024-11-14T11:29:07.651+0000] {logging_mixin.py:190} INFO - 20241114
[2024-11-14T11:29:07.660+0000] {processor.py:925} INFO - DAG(s) 'etl_reddit_pipeline' retrieved from /opt/airflow/dags/reddit_dag.py
[2024-11-14T11:29:07.687+0000] {logging_mixin.py:190} INFO - [2024-11-14T11:29:07.687+0000] {dag.py:3239} INFO - Sync 1 DAGs
[2024-11-14T11:29:07.714+0000] {logging_mixin.py:190} INFO - [2024-11-14T11:29:07.714+0000] {dag.py:4180} INFO - Setting next_dagrun for etl_reddit_pipeline to 2024-11-13 00:00:00+00:00, run_after=2024-11-14 00:00:00+00:00
[2024-11-14T11:29:07.754+0000] {processor.py:208} INFO - Processing /opt/airflow/dags/reddit_dag.py took 0.169 seconds
[2024-11-14T11:29:37.898+0000] {processor.py:186} INFO - Started process (PID=45) to work on /opt/airflow/dags/reddit_dag.py
[2024-11-14T11:29:37.900+0000] {processor.py:914} INFO - Processing file /opt/airflow/dags/reddit_dag.py for tasks to queue
[2024-11-14T11:29:37.904+0000] {logging_mixin.py:190} INFO - [2024-11-14T11:29:37.903+0000] {dagbag.py:588} INFO - Filling up the DagBag from /opt/airflow/dags/reddit_dag.py
[2024-11-14T11:29:37.942+0000] {logging_mixin.py:190} INFO - 20241114
[2024-11-14T11:29:37.952+0000] {processor.py:925} INFO - DAG(s) 'etl_reddit_pipeline' retrieved from /opt/airflow/dags/reddit_dag.py
[2024-11-14T11:29:37.984+0000] {logging_mixin.py:190} INFO - [2024-11-14T11:29:37.983+0000] {dag.py:3239} INFO - Sync 1 DAGs
[2024-11-14T11:29:38.010+0000] {logging_mixin.py:190} INFO - [2024-11-14T11:29:38.010+0000] {dag.py:4180} INFO - Setting next_dagrun for etl_reddit_pipeline to 2024-11-13 00:00:00+00:00, run_after=2024-11-14 00:00:00+00:00
[2024-11-14T11:29:38.036+0000] {processor.py:208} INFO - Processing /opt/airflow/dags/reddit_dag.py took 0.146 seconds
[2024-11-14T11:30:27.663+0000] {processor.py:186} INFO - Started process (PID=37) to work on /opt/airflow/dags/reddit_dag.py
[2024-11-14T11:30:27.666+0000] {processor.py:914} INFO - Processing file /opt/airflow/dags/reddit_dag.py for tasks to queue
[2024-11-14T11:30:27.672+0000] {logging_mixin.py:190} INFO - [2024-11-14T11:30:27.672+0000] {dagbag.py:588} INFO - Filling up the DagBag from /opt/airflow/dags/reddit_dag.py
[2024-11-14T11:30:27.748+0000] {logging_mixin.py:190} INFO - 20241114
[2024-11-14T11:30:27.761+0000] {processor.py:925} INFO - DAG(s) 'etl_reddit_pipeline' retrieved from /opt/airflow/dags/reddit_dag.py
[2024-11-14T11:30:27.798+0000] {logging_mixin.py:190} INFO - [2024-11-14T11:30:27.798+0000] {dag.py:3239} INFO - Sync 1 DAGs
[2024-11-14T11:30:27.845+0000] {logging_mixin.py:190} INFO - [2024-11-14T11:30:27.845+0000] {dag.py:4180} INFO - Setting next_dagrun for etl_reddit_pipeline to 2024-11-13 00:00:00+00:00, run_after=2024-11-14 00:00:00+00:00
[2024-11-14T11:30:27.883+0000] {processor.py:208} INFO - Processing /opt/airflow/dags/reddit_dag.py took 0.228 seconds
[2024-11-14T11:30:58.126+0000] {processor.py:186} INFO - Started process (PID=38) to work on /opt/airflow/dags/reddit_dag.py
[2024-11-14T11:30:58.127+0000] {processor.py:914} INFO - Processing file /opt/airflow/dags/reddit_dag.py for tasks to queue
[2024-11-14T11:30:58.133+0000] {logging_mixin.py:190} INFO - [2024-11-14T11:30:58.131+0000] {dagbag.py:588} INFO - Filling up the DagBag from /opt/airflow/dags/reddit_dag.py
[2024-11-14T11:30:58.205+0000] {logging_mixin.py:190} INFO - 20241114
[2024-11-14T11:30:58.221+0000] {processor.py:925} INFO - DAG(s) 'etl_reddit_pipeline' retrieved from /opt/airflow/dags/reddit_dag.py
[2024-11-14T11:30:58.257+0000] {logging_mixin.py:190} INFO - [2024-11-14T11:30:58.257+0000] {dag.py:3239} INFO - Sync 1 DAGs
[2024-11-14T11:30:58.289+0000] {logging_mixin.py:190} INFO - [2024-11-14T11:30:58.289+0000] {dag.py:4180} INFO - Setting next_dagrun for etl_reddit_pipeline to 2024-11-13 00:00:00+00:00, run_after=2024-11-14 00:00:00+00:00
[2024-11-14T11:30:58.354+0000] {processor.py:208} INFO - Processing /opt/airflow/dags/reddit_dag.py took 0.242 seconds
[2024-11-14T11:31:28.594+0000] {processor.py:186} INFO - Started process (PID=43) to work on /opt/airflow/dags/reddit_dag.py
[2024-11-14T11:31:28.595+0000] {processor.py:914} INFO - Processing file /opt/airflow/dags/reddit_dag.py for tasks to queue
[2024-11-14T11:31:28.599+0000] {logging_mixin.py:190} INFO - [2024-11-14T11:31:28.599+0000] {dagbag.py:588} INFO - Filling up the DagBag from /opt/airflow/dags/reddit_dag.py
[2024-11-14T11:31:28.650+0000] {logging_mixin.py:190} INFO - 20241114
[2024-11-14T11:31:28.662+0000] {processor.py:925} INFO - DAG(s) 'etl_reddit_pipeline' retrieved from /opt/airflow/dags/reddit_dag.py
[2024-11-14T11:31:28.693+0000] {logging_mixin.py:190} INFO - [2024-11-14T11:31:28.692+0000] {dag.py:3239} INFO - Sync 1 DAGs
[2024-11-14T11:31:28.725+0000] {logging_mixin.py:190} INFO - [2024-11-14T11:31:28.725+0000] {dag.py:4180} INFO - Setting next_dagrun for etl_reddit_pipeline to 2024-11-14 00:00:00+00:00, run_after=2024-11-15 00:00:00+00:00
[2024-11-14T11:31:28.752+0000] {processor.py:208} INFO - Processing /opt/airflow/dags/reddit_dag.py took 0.165 seconds
[2024-11-14T11:31:58.814+0000] {processor.py:186} INFO - Started process (PID=44) to work on /opt/airflow/dags/reddit_dag.py
[2024-11-14T11:31:58.815+0000] {processor.py:914} INFO - Processing file /opt/airflow/dags/reddit_dag.py for tasks to queue
[2024-11-14T11:31:58.818+0000] {logging_mixin.py:190} INFO - [2024-11-14T11:31:58.818+0000] {dagbag.py:588} INFO - Filling up the DagBag from /opt/airflow/dags/reddit_dag.py
[2024-11-14T11:31:58.865+0000] {logging_mixin.py:190} INFO - 20241114
[2024-11-14T11:31:58.875+0000] {processor.py:925} INFO - DAG(s) 'etl_reddit_pipeline' retrieved from /opt/airflow/dags/reddit_dag.py
[2024-11-14T11:31:58.907+0000] {logging_mixin.py:190} INFO - [2024-11-14T11:31:58.907+0000] {dag.py:3239} INFO - Sync 1 DAGs
[2024-11-14T11:31:58.940+0000] {logging_mixin.py:190} INFO - [2024-11-14T11:31:58.940+0000] {dag.py:4180} INFO - Setting next_dagrun for etl_reddit_pipeline to 2024-11-14 00:00:00+00:00, run_after=2024-11-15 00:00:00+00:00
[2024-11-14T11:31:58.973+0000] {processor.py:208} INFO - Processing /opt/airflow/dags/reddit_dag.py took 0.165 seconds
[2024-11-14T11:32:29.187+0000] {processor.py:186} INFO - Started process (PID=45) to work on /opt/airflow/dags/reddit_dag.py
[2024-11-14T11:32:29.188+0000] {processor.py:914} INFO - Processing file /opt/airflow/dags/reddit_dag.py for tasks to queue
[2024-11-14T11:32:29.191+0000] {logging_mixin.py:190} INFO - [2024-11-14T11:32:29.191+0000] {dagbag.py:588} INFO - Filling up the DagBag from /opt/airflow/dags/reddit_dag.py
[2024-11-14T11:32:29.229+0000] {logging_mixin.py:190} INFO - 20241114
[2024-11-14T11:32:29.239+0000] {processor.py:925} INFO - DAG(s) 'etl_reddit_pipeline' retrieved from /opt/airflow/dags/reddit_dag.py
[2024-11-14T11:32:29.266+0000] {logging_mixin.py:190} INFO - [2024-11-14T11:32:29.266+0000] {dag.py:3239} INFO - Sync 1 DAGs
[2024-11-14T11:32:29.295+0000] {logging_mixin.py:190} INFO - [2024-11-14T11:32:29.295+0000] {dag.py:4180} INFO - Setting next_dagrun for etl_reddit_pipeline to 2024-11-14 00:00:00+00:00, run_after=2024-11-15 00:00:00+00:00
[2024-11-14T11:32:29.316+0000] {processor.py:208} INFO - Processing /opt/airflow/dags/reddit_dag.py took 0.136 seconds
[2024-11-14T11:32:59.418+0000] {processor.py:186} INFO - Started process (PID=46) to work on /opt/airflow/dags/reddit_dag.py
[2024-11-14T11:32:59.419+0000] {processor.py:914} INFO - Processing file /opt/airflow/dags/reddit_dag.py for tasks to queue
[2024-11-14T11:32:59.423+0000] {logging_mixin.py:190} INFO - [2024-11-14T11:32:59.422+0000] {dagbag.py:588} INFO - Filling up the DagBag from /opt/airflow/dags/reddit_dag.py
[2024-11-14T11:32:59.458+0000] {logging_mixin.py:190} INFO - 20241114
[2024-11-14T11:32:59.467+0000] {processor.py:925} INFO - DAG(s) 'etl_reddit_pipeline' retrieved from /opt/airflow/dags/reddit_dag.py
[2024-11-14T11:32:59.492+0000] {logging_mixin.py:190} INFO - [2024-11-14T11:32:59.492+0000] {dag.py:3239} INFO - Sync 1 DAGs
[2024-11-14T11:32:59.519+0000] {logging_mixin.py:190} INFO - [2024-11-14T11:32:59.518+0000] {dag.py:4180} INFO - Setting next_dagrun for etl_reddit_pipeline to 2024-11-14 00:00:00+00:00, run_after=2024-11-15 00:00:00+00:00
[2024-11-14T11:32:59.544+0000] {processor.py:208} INFO - Processing /opt/airflow/dags/reddit_dag.py took 0.133 seconds
[2024-11-14T11:33:29.758+0000] {processor.py:186} INFO - Started process (PID=47) to work on /opt/airflow/dags/reddit_dag.py
[2024-11-14T11:33:29.759+0000] {processor.py:914} INFO - Processing file /opt/airflow/dags/reddit_dag.py for tasks to queue
[2024-11-14T11:33:29.762+0000] {logging_mixin.py:190} INFO - [2024-11-14T11:33:29.762+0000] {dagbag.py:588} INFO - Filling up the DagBag from /opt/airflow/dags/reddit_dag.py
[2024-11-14T11:33:29.801+0000] {logging_mixin.py:190} INFO - 20241114
[2024-11-14T11:33:29.811+0000] {processor.py:925} INFO - DAG(s) 'etl_reddit_pipeline' retrieved from /opt/airflow/dags/reddit_dag.py
[2024-11-14T11:33:29.844+0000] {logging_mixin.py:190} INFO - [2024-11-14T11:33:29.843+0000] {dag.py:3239} INFO - Sync 1 DAGs
[2024-11-14T11:33:29.877+0000] {logging_mixin.py:190} INFO - [2024-11-14T11:33:29.876+0000] {dag.py:4180} INFO - Setting next_dagrun for etl_reddit_pipeline to 2024-11-14 00:00:00+00:00, run_after=2024-11-15 00:00:00+00:00
[2024-11-14T11:33:29.907+0000] {processor.py:208} INFO - Processing /opt/airflow/dags/reddit_dag.py took 0.156 seconds
[2024-11-14T11:33:59.985+0000] {processor.py:186} INFO - Started process (PID=48) to work on /opt/airflow/dags/reddit_dag.py
[2024-11-14T11:33:59.986+0000] {processor.py:914} INFO - Processing file /opt/airflow/dags/reddit_dag.py for tasks to queue
[2024-11-14T11:33:59.991+0000] {logging_mixin.py:190} INFO - [2024-11-14T11:33:59.990+0000] {dagbag.py:588} INFO - Filling up the DagBag from /opt/airflow/dags/reddit_dag.py
[2024-11-14T11:34:00.030+0000] {logging_mixin.py:190} INFO - 20241114
[2024-11-14T11:34:00.040+0000] {processor.py:925} INFO - DAG(s) 'etl_reddit_pipeline' retrieved from /opt/airflow/dags/reddit_dag.py
[2024-11-14T11:34:00.070+0000] {logging_mixin.py:190} INFO - [2024-11-14T11:34:00.070+0000] {dag.py:3239} INFO - Sync 1 DAGs
[2024-11-14T11:34:00.099+0000] {logging_mixin.py:190} INFO - [2024-11-14T11:34:00.099+0000] {dag.py:4180} INFO - Setting next_dagrun for etl_reddit_pipeline to 2024-11-14 00:00:00+00:00, run_after=2024-11-15 00:00:00+00:00
[2024-11-14T11:34:00.158+0000] {processor.py:208} INFO - Processing /opt/airflow/dags/reddit_dag.py took 0.180 seconds
[2024-11-14T11:34:30.368+0000] {processor.py:186} INFO - Started process (PID=49) to work on /opt/airflow/dags/reddit_dag.py
[2024-11-14T11:34:30.369+0000] {processor.py:914} INFO - Processing file /opt/airflow/dags/reddit_dag.py for tasks to queue
[2024-11-14T11:34:30.372+0000] {logging_mixin.py:190} INFO - [2024-11-14T11:34:30.372+0000] {dagbag.py:588} INFO - Filling up the DagBag from /opt/airflow/dags/reddit_dag.py
[2024-11-14T11:34:30.409+0000] {logging_mixin.py:190} INFO - 20241114
[2024-11-14T11:34:30.418+0000] {processor.py:925} INFO - DAG(s) 'etl_reddit_pipeline' retrieved from /opt/airflow/dags/reddit_dag.py
[2024-11-14T11:34:30.442+0000] {logging_mixin.py:190} INFO - [2024-11-14T11:34:30.442+0000] {dag.py:3239} INFO - Sync 1 DAGs
[2024-11-14T11:34:30.469+0000] {logging_mixin.py:190} INFO - [2024-11-14T11:34:30.469+0000] {dag.py:4180} INFO - Setting next_dagrun for etl_reddit_pipeline to 2024-11-14 00:00:00+00:00, run_after=2024-11-15 00:00:00+00:00
[2024-11-14T11:34:30.496+0000] {processor.py:208} INFO - Processing /opt/airflow/dags/reddit_dag.py took 0.135 seconds
[2024-11-14T11:35:00.646+0000] {processor.py:186} INFO - Started process (PID=50) to work on /opt/airflow/dags/reddit_dag.py
[2024-11-14T11:35:00.648+0000] {processor.py:914} INFO - Processing file /opt/airflow/dags/reddit_dag.py for tasks to queue
[2024-11-14T11:35:00.655+0000] {logging_mixin.py:190} INFO - [2024-11-14T11:35:00.654+0000] {dagbag.py:588} INFO - Filling up the DagBag from /opt/airflow/dags/reddit_dag.py
[2024-11-14T11:35:24.605+0000] {processor.py:186} INFO - Started process (PID=37) to work on /opt/airflow/dags/reddit_dag.py
[2024-11-14T11:35:24.607+0000] {processor.py:914} INFO - Processing file /opt/airflow/dags/reddit_dag.py for tasks to queue
[2024-11-14T11:35:24.610+0000] {logging_mixin.py:190} INFO - [2024-11-14T11:35:24.610+0000] {dagbag.py:588} INFO - Filling up the DagBag from /opt/airflow/dags/reddit_dag.py
[2024-11-14T11:35:24.709+0000] {logging_mixin.py:190} INFO - 20241114
[2024-11-14T11:35:24.723+0000] {processor.py:925} INFO - DAG(s) 'etl_reddit_pipeline' retrieved from /opt/airflow/dags/reddit_dag.py
[2024-11-14T11:35:24.766+0000] {logging_mixin.py:190} INFO - [2024-11-14T11:35:24.766+0000] {dag.py:3239} INFO - Sync 1 DAGs
[2024-11-14T11:35:24.809+0000] {logging_mixin.py:190} INFO - [2024-11-14T11:35:24.808+0000] {dag.py:4180} INFO - Setting next_dagrun for etl_reddit_pipeline to 2024-11-14 00:00:00+00:00, run_after=2024-11-15 00:00:00+00:00
[2024-11-14T11:35:24.841+0000] {processor.py:208} INFO - Processing /opt/airflow/dags/reddit_dag.py took 0.243 seconds
[2024-11-14T11:35:55.074+0000] {processor.py:186} INFO - Started process (PID=38) to work on /opt/airflow/dags/reddit_dag.py
[2024-11-14T11:35:55.075+0000] {processor.py:914} INFO - Processing file /opt/airflow/dags/reddit_dag.py for tasks to queue
[2024-11-14T11:35:55.078+0000] {logging_mixin.py:190} INFO - [2024-11-14T11:35:55.078+0000] {dagbag.py:588} INFO - Filling up the DagBag from /opt/airflow/dags/reddit_dag.py
[2024-11-14T11:35:55.129+0000] {logging_mixin.py:190} INFO - 20241114
[2024-11-14T11:35:55.139+0000] {processor.py:925} INFO - DAG(s) 'etl_reddit_pipeline' retrieved from /opt/airflow/dags/reddit_dag.py
[2024-11-14T11:35:55.167+0000] {logging_mixin.py:190} INFO - [2024-11-14T11:35:55.167+0000] {dag.py:3239} INFO - Sync 1 DAGs
[2024-11-14T11:35:55.193+0000] {logging_mixin.py:190} INFO - [2024-11-14T11:35:55.193+0000] {dag.py:4180} INFO - Setting next_dagrun for etl_reddit_pipeline to 2024-11-14 00:00:00+00:00, run_after=2024-11-15 00:00:00+00:00
[2024-11-14T11:35:55.217+0000] {processor.py:208} INFO - Processing /opt/airflow/dags/reddit_dag.py took 0.150 seconds
[2024-11-14T11:36:25.296+0000] {processor.py:186} INFO - Started process (PID=39) to work on /opt/airflow/dags/reddit_dag.py
[2024-11-14T11:36:25.297+0000] {processor.py:914} INFO - Processing file /opt/airflow/dags/reddit_dag.py for tasks to queue
[2024-11-14T11:36:25.300+0000] {logging_mixin.py:190} INFO - [2024-11-14T11:36:25.300+0000] {dagbag.py:588} INFO - Filling up the DagBag from /opt/airflow/dags/reddit_dag.py
[2024-11-14T11:36:25.354+0000] {logging_mixin.py:190} INFO - 20241114
[2024-11-14T11:36:25.368+0000] {processor.py:925} INFO - DAG(s) 'etl_reddit_pipeline' retrieved from /opt/airflow/dags/reddit_dag.py
[2024-11-14T11:36:25.400+0000] {logging_mixin.py:190} INFO - [2024-11-14T11:36:25.399+0000] {dag.py:3239} INFO - Sync 1 DAGs
[2024-11-14T11:36:25.432+0000] {logging_mixin.py:190} INFO - [2024-11-14T11:36:25.431+0000] {dag.py:4180} INFO - Setting next_dagrun for etl_reddit_pipeline to 2024-11-14 00:00:00+00:00, run_after=2024-11-15 00:00:00+00:00
[2024-11-14T11:36:25.456+0000] {processor.py:208} INFO - Processing /opt/airflow/dags/reddit_dag.py took 0.171 seconds
[2024-11-14T11:36:55.655+0000] {processor.py:186} INFO - Started process (PID=40) to work on /opt/airflow/dags/reddit_dag.py
[2024-11-14T11:36:55.656+0000] {processor.py:914} INFO - Processing file /opt/airflow/dags/reddit_dag.py for tasks to queue
[2024-11-14T11:36:55.659+0000] {logging_mixin.py:190} INFO - [2024-11-14T11:36:55.658+0000] {dagbag.py:588} INFO - Filling up the DagBag from /opt/airflow/dags/reddit_dag.py
[2024-11-14T11:36:55.695+0000] {logging_mixin.py:190} INFO - 20241114
[2024-11-14T11:36:55.704+0000] {processor.py:925} INFO - DAG(s) 'etl_reddit_pipeline' retrieved from /opt/airflow/dags/reddit_dag.py
[2024-11-14T11:36:55.728+0000] {logging_mixin.py:190} INFO - [2024-11-14T11:36:55.728+0000] {dag.py:3239} INFO - Sync 1 DAGs
[2024-11-14T11:36:55.755+0000] {logging_mixin.py:190} INFO - [2024-11-14T11:36:55.755+0000] {dag.py:4180} INFO - Setting next_dagrun for etl_reddit_pipeline to 2024-11-14 00:00:00+00:00, run_after=2024-11-15 00:00:00+00:00
[2024-11-14T11:36:55.780+0000] {processor.py:208} INFO - Processing /opt/airflow/dags/reddit_dag.py took 0.132 seconds
[2024-11-14T11:37:25.897+0000] {processor.py:186} INFO - Started process (PID=41) to work on /opt/airflow/dags/reddit_dag.py
[2024-11-14T11:37:25.898+0000] {processor.py:914} INFO - Processing file /opt/airflow/dags/reddit_dag.py for tasks to queue
[2024-11-14T11:37:25.901+0000] {logging_mixin.py:190} INFO - [2024-11-14T11:37:25.901+0000] {dagbag.py:588} INFO - Filling up the DagBag from /opt/airflow/dags/reddit_dag.py
[2024-11-14T11:37:25.940+0000] {logging_mixin.py:190} INFO - 20241114
[2024-11-14T11:37:25.949+0000] {processor.py:925} INFO - DAG(s) 'etl_reddit_pipeline' retrieved from /opt/airflow/dags/reddit_dag.py
[2024-11-14T11:37:25.975+0000] {logging_mixin.py:190} INFO - [2024-11-14T11:37:25.975+0000] {dag.py:3239} INFO - Sync 1 DAGs
[2024-11-14T11:37:26.003+0000] {logging_mixin.py:190} INFO - [2024-11-14T11:37:26.003+0000] {dag.py:4180} INFO - Setting next_dagrun for etl_reddit_pipeline to 2024-11-14 00:00:00+00:00, run_after=2024-11-15 00:00:00+00:00
[2024-11-14T11:37:26.027+0000] {processor.py:208} INFO - Processing /opt/airflow/dags/reddit_dag.py took 0.137 seconds
[2024-11-14T11:37:56.212+0000] {processor.py:186} INFO - Started process (PID=42) to work on /opt/airflow/dags/reddit_dag.py
[2024-11-14T11:37:56.214+0000] {processor.py:914} INFO - Processing file /opt/airflow/dags/reddit_dag.py for tasks to queue
[2024-11-14T11:37:56.218+0000] {logging_mixin.py:190} INFO - [2024-11-14T11:37:56.217+0000] {dagbag.py:588} INFO - Filling up the DagBag from /opt/airflow/dags/reddit_dag.py
[2024-11-14T11:37:56.254+0000] {logging_mixin.py:190} INFO - 20241114
[2024-11-14T11:37:56.263+0000] {processor.py:925} INFO - DAG(s) 'etl_reddit_pipeline' retrieved from /opt/airflow/dags/reddit_dag.py
[2024-11-14T11:37:56.287+0000] {logging_mixin.py:190} INFO - [2024-11-14T11:37:56.286+0000] {dag.py:3239} INFO - Sync 1 DAGs
[2024-11-14T11:37:56.316+0000] {logging_mixin.py:190} INFO - [2024-11-14T11:37:56.316+0000] {dag.py:4180} INFO - Setting next_dagrun for etl_reddit_pipeline to 2024-11-14 00:00:00+00:00, run_after=2024-11-15 00:00:00+00:00
[2024-11-14T11:37:56.338+0000] {processor.py:208} INFO - Processing /opt/airflow/dags/reddit_dag.py took 0.132 seconds
[2024-11-14T11:38:26.476+0000] {processor.py:186} INFO - Started process (PID=43) to work on /opt/airflow/dags/reddit_dag.py
[2024-11-14T11:38:26.477+0000] {processor.py:914} INFO - Processing file /opt/airflow/dags/reddit_dag.py for tasks to queue
[2024-11-14T11:38:26.481+0000] {logging_mixin.py:190} INFO - [2024-11-14T11:38:26.480+0000] {dagbag.py:588} INFO - Filling up the DagBag from /opt/airflow/dags/reddit_dag.py
[2024-11-14T11:38:26.517+0000] {logging_mixin.py:190} INFO - 20241114
[2024-11-14T11:38:26.525+0000] {processor.py:925} INFO - DAG(s) 'etl_reddit_pipeline' retrieved from /opt/airflow/dags/reddit_dag.py
[2024-11-14T11:38:26.553+0000] {logging_mixin.py:190} INFO - [2024-11-14T11:38:26.553+0000] {dag.py:3239} INFO - Sync 1 DAGs
[2024-11-14T11:38:26.579+0000] {logging_mixin.py:190} INFO - [2024-11-14T11:38:26.579+0000] {dag.py:4180} INFO - Setting next_dagrun for etl_reddit_pipeline to 2024-11-14 00:00:00+00:00, run_after=2024-11-15 00:00:00+00:00
[2024-11-14T11:38:26.603+0000] {processor.py:208} INFO - Processing /opt/airflow/dags/reddit_dag.py took 0.134 seconds
[2024-11-14T11:38:56.786+0000] {processor.py:186} INFO - Started process (PID=44) to work on /opt/airflow/dags/reddit_dag.py
[2024-11-14T11:38:56.787+0000] {processor.py:914} INFO - Processing file /opt/airflow/dags/reddit_dag.py for tasks to queue
[2024-11-14T11:38:56.789+0000] {logging_mixin.py:190} INFO - [2024-11-14T11:38:56.789+0000] {dagbag.py:588} INFO - Filling up the DagBag from /opt/airflow/dags/reddit_dag.py
[2024-11-14T11:38:56.831+0000] {logging_mixin.py:190} INFO - 20241114
[2024-11-14T11:38:56.840+0000] {processor.py:925} INFO - DAG(s) 'etl_reddit_pipeline' retrieved from /opt/airflow/dags/reddit_dag.py
[2024-11-14T11:38:56.865+0000] {logging_mixin.py:190} INFO - [2024-11-14T11:38:56.865+0000] {dag.py:3239} INFO - Sync 1 DAGs
[2024-11-14T11:38:56.892+0000] {logging_mixin.py:190} INFO - [2024-11-14T11:38:56.891+0000] {dag.py:4180} INFO - Setting next_dagrun for etl_reddit_pipeline to 2024-11-14 00:00:00+00:00, run_after=2024-11-15 00:00:00+00:00
[2024-11-14T11:38:56.911+0000] {processor.py:208} INFO - Processing /opt/airflow/dags/reddit_dag.py took 0.133 seconds
[2024-11-14T11:39:27.044+0000] {processor.py:186} INFO - Started process (PID=45) to work on /opt/airflow/dags/reddit_dag.py
[2024-11-14T11:39:27.044+0000] {processor.py:914} INFO - Processing file /opt/airflow/dags/reddit_dag.py for tasks to queue
[2024-11-14T11:39:27.048+0000] {logging_mixin.py:190} INFO - [2024-11-14T11:39:27.048+0000] {dagbag.py:588} INFO - Filling up the DagBag from /opt/airflow/dags/reddit_dag.py
[2024-11-14T11:39:27.085+0000] {logging_mixin.py:190} INFO - 20241114
[2024-11-14T11:39:27.094+0000] {processor.py:925} INFO - DAG(s) 'etl_reddit_pipeline' retrieved from /opt/airflow/dags/reddit_dag.py
[2024-11-14T11:39:27.120+0000] {logging_mixin.py:190} INFO - [2024-11-14T11:39:27.120+0000] {dag.py:3239} INFO - Sync 1 DAGs
[2024-11-14T11:39:27.147+0000] {logging_mixin.py:190} INFO - [2024-11-14T11:39:27.147+0000] {dag.py:4180} INFO - Setting next_dagrun for etl_reddit_pipeline to 2024-11-14 00:00:00+00:00, run_after=2024-11-15 00:00:00+00:00
[2024-11-14T11:39:27.168+0000] {processor.py:208} INFO - Processing /opt/airflow/dags/reddit_dag.py took 0.131 seconds
[2024-11-14T11:39:57.352+0000] {processor.py:186} INFO - Started process (PID=46) to work on /opt/airflow/dags/reddit_dag.py
[2024-11-14T11:39:57.353+0000] {processor.py:914} INFO - Processing file /opt/airflow/dags/reddit_dag.py for tasks to queue
[2024-11-14T11:39:57.356+0000] {logging_mixin.py:190} INFO - [2024-11-14T11:39:57.355+0000] {dagbag.py:588} INFO - Filling up the DagBag from /opt/airflow/dags/reddit_dag.py
[2024-11-14T11:39:57.394+0000] {logging_mixin.py:190} INFO - 20241114
[2024-11-14T11:39:57.402+0000] {processor.py:925} INFO - DAG(s) 'etl_reddit_pipeline' retrieved from /opt/airflow/dags/reddit_dag.py
[2024-11-14T11:39:57.427+0000] {logging_mixin.py:190} INFO - [2024-11-14T11:39:57.426+0000] {dag.py:3239} INFO - Sync 1 DAGs
[2024-11-14T11:39:57.454+0000] {logging_mixin.py:190} INFO - [2024-11-14T11:39:57.454+0000] {dag.py:4180} INFO - Setting next_dagrun for etl_reddit_pipeline to 2024-11-14 00:00:00+00:00, run_after=2024-11-15 00:00:00+00:00
[2024-11-14T11:39:57.473+0000] {processor.py:208} INFO - Processing /opt/airflow/dags/reddit_dag.py took 0.129 seconds
[2024-11-14T11:40:28.789+0000] {processor.py:186} INFO - Started process (PID=37) to work on /opt/airflow/dags/reddit_dag.py
[2024-11-14T11:40:28.791+0000] {processor.py:914} INFO - Processing file /opt/airflow/dags/reddit_dag.py for tasks to queue
[2024-11-14T11:40:28.794+0000] {logging_mixin.py:190} INFO - [2024-11-14T11:40:28.794+0000] {dagbag.py:588} INFO - Filling up the DagBag from /opt/airflow/dags/reddit_dag.py
[2024-11-14T11:40:28.839+0000] {logging_mixin.py:190} INFO - 20241114
[2024-11-14T11:40:28.850+0000] {processor.py:925} INFO - DAG(s) 'etl_reddit_pipeline' retrieved from /opt/airflow/dags/reddit_dag.py
[2024-11-14T11:40:28.881+0000] {logging_mixin.py:190} INFO - [2024-11-14T11:40:28.880+0000] {dag.py:3239} INFO - Sync 1 DAGs
[2024-11-14T11:40:28.912+0000] {logging_mixin.py:190} INFO - [2024-11-14T11:40:28.912+0000] {dag.py:4180} INFO - Setting next_dagrun for etl_reddit_pipeline to 2024-11-14 00:00:00+00:00, run_after=2024-11-15 00:00:00+00:00
[2024-11-14T11:40:28.940+0000] {processor.py:208} INFO - Processing /opt/airflow/dags/reddit_dag.py took 0.159 seconds
[2024-11-14T11:40:59.015+0000] {processor.py:186} INFO - Started process (PID=38) to work on /opt/airflow/dags/reddit_dag.py
[2024-11-14T11:40:59.017+0000] {processor.py:914} INFO - Processing file /opt/airflow/dags/reddit_dag.py for tasks to queue
[2024-11-14T11:40:59.020+0000] {logging_mixin.py:190} INFO - [2024-11-14T11:40:59.020+0000] {dagbag.py:588} INFO - Filling up the DagBag from /opt/airflow/dags/reddit_dag.py
[2024-11-14T11:40:59.075+0000] {logging_mixin.py:190} INFO - 20241114
[2024-11-14T11:40:59.086+0000] {processor.py:925} INFO - DAG(s) 'etl_reddit_pipeline' retrieved from /opt/airflow/dags/reddit_dag.py
[2024-11-14T11:40:59.114+0000] {logging_mixin.py:190} INFO - [2024-11-14T11:40:59.114+0000] {dag.py:3239} INFO - Sync 1 DAGs
[2024-11-14T11:40:59.142+0000] {logging_mixin.py:190} INFO - [2024-11-14T11:40:59.141+0000] {dag.py:4180} INFO - Setting next_dagrun for etl_reddit_pipeline to 2024-11-14 00:00:00+00:00, run_after=2024-11-15 00:00:00+00:00
[2024-11-14T11:40:59.167+0000] {processor.py:208} INFO - Processing /opt/airflow/dags/reddit_dag.py took 0.159 seconds
[2024-11-14T11:41:29.360+0000] {processor.py:186} INFO - Started process (PID=39) to work on /opt/airflow/dags/reddit_dag.py
[2024-11-14T11:41:29.361+0000] {processor.py:914} INFO - Processing file /opt/airflow/dags/reddit_dag.py for tasks to queue
[2024-11-14T11:41:29.364+0000] {logging_mixin.py:190} INFO - [2024-11-14T11:41:29.364+0000] {dagbag.py:588} INFO - Filling up the DagBag from /opt/airflow/dags/reddit_dag.py
[2024-11-14T11:41:29.405+0000] {logging_mixin.py:190} INFO - 20241114
[2024-11-14T11:41:29.416+0000] {processor.py:925} INFO - DAG(s) 'etl_reddit_pipeline' retrieved from /opt/airflow/dags/reddit_dag.py
[2024-11-14T11:41:29.440+0000] {logging_mixin.py:190} INFO - [2024-11-14T11:41:29.440+0000] {dag.py:3239} INFO - Sync 1 DAGs
[2024-11-14T11:41:29.469+0000] {logging_mixin.py:190} INFO - [2024-11-14T11:41:29.469+0000] {dag.py:4180} INFO - Setting next_dagrun for etl_reddit_pipeline to 2024-11-14 00:00:00+00:00, run_after=2024-11-15 00:00:00+00:00
[2024-11-14T11:41:29.510+0000] {processor.py:208} INFO - Processing /opt/airflow/dags/reddit_dag.py took 0.160 seconds
[2024-11-14T11:41:59.594+0000] {processor.py:186} INFO - Started process (PID=40) to work on /opt/airflow/dags/reddit_dag.py
[2024-11-14T11:41:59.596+0000] {processor.py:914} INFO - Processing file /opt/airflow/dags/reddit_dag.py for tasks to queue
[2024-11-14T11:41:59.599+0000] {logging_mixin.py:190} INFO - [2024-11-14T11:41:59.599+0000] {dagbag.py:588} INFO - Filling up the DagBag from /opt/airflow/dags/reddit_dag.py
[2024-11-14T11:41:59.650+0000] {logging_mixin.py:190} INFO - 20241114
[2024-11-14T11:41:59.660+0000] {processor.py:925} INFO - DAG(s) 'etl_reddit_pipeline' retrieved from /opt/airflow/dags/reddit_dag.py
[2024-11-14T11:41:59.687+0000] {logging_mixin.py:190} INFO - [2024-11-14T11:41:59.687+0000] {dag.py:3239} INFO - Sync 1 DAGs
[2024-11-14T11:41:59.712+0000] {logging_mixin.py:190} INFO - [2024-11-14T11:41:59.711+0000] {dag.py:4180} INFO - Setting next_dagrun for etl_reddit_pipeline to 2024-11-14 00:00:00+00:00, run_after=2024-11-15 00:00:00+00:00
[2024-11-14T11:41:59.733+0000] {processor.py:208} INFO - Processing /opt/airflow/dags/reddit_dag.py took 0.146 seconds
[2024-11-14T11:42:29.942+0000] {processor.py:186} INFO - Started process (PID=41) to work on /opt/airflow/dags/reddit_dag.py
[2024-11-14T11:42:29.943+0000] {processor.py:914} INFO - Processing file /opt/airflow/dags/reddit_dag.py for tasks to queue
[2024-11-14T11:42:29.945+0000] {logging_mixin.py:190} INFO - [2024-11-14T11:42:29.945+0000] {dagbag.py:588} INFO - Filling up the DagBag from /opt/airflow/dags/reddit_dag.py
[2024-11-14T11:42:29.983+0000] {logging_mixin.py:190} INFO - 20241114
[2024-11-14T11:42:29.991+0000] {processor.py:925} INFO - DAG(s) 'etl_reddit_pipeline' retrieved from /opt/airflow/dags/reddit_dag.py
[2024-11-14T11:42:30.015+0000] {logging_mixin.py:190} INFO - [2024-11-14T11:42:30.015+0000] {dag.py:3239} INFO - Sync 1 DAGs
[2024-11-14T11:42:30.042+0000] {logging_mixin.py:190} INFO - [2024-11-14T11:42:30.042+0000] {dag.py:4180} INFO - Setting next_dagrun for etl_reddit_pipeline to 2024-11-14 00:00:00+00:00, run_after=2024-11-15 00:00:00+00:00
[2024-11-14T11:42:30.062+0000] {processor.py:208} INFO - Processing /opt/airflow/dags/reddit_dag.py took 0.127 seconds
[2024-11-14T11:43:00.187+0000] {processor.py:186} INFO - Started process (PID=42) to work on /opt/airflow/dags/reddit_dag.py
[2024-11-14T11:43:00.188+0000] {processor.py:914} INFO - Processing file /opt/airflow/dags/reddit_dag.py for tasks to queue
[2024-11-14T11:43:00.192+0000] {logging_mixin.py:190} INFO - [2024-11-14T11:43:00.192+0000] {dagbag.py:588} INFO - Filling up the DagBag from /opt/airflow/dags/reddit_dag.py
[2024-11-14T11:43:00.232+0000] {logging_mixin.py:190} INFO - 20241114
[2024-11-14T11:43:00.241+0000] {processor.py:925} INFO - DAG(s) 'etl_reddit_pipeline' retrieved from /opt/airflow/dags/reddit_dag.py
[2024-11-14T11:43:00.268+0000] {logging_mixin.py:190} INFO - [2024-11-14T11:43:00.267+0000] {dag.py:3239} INFO - Sync 1 DAGs
[2024-11-14T11:43:00.295+0000] {logging_mixin.py:190} INFO - [2024-11-14T11:43:00.295+0000] {dag.py:4180} INFO - Setting next_dagrun for etl_reddit_pipeline to 2024-11-14 00:00:00+00:00, run_after=2024-11-15 00:00:00+00:00
[2024-11-14T11:43:00.315+0000] {processor.py:208} INFO - Processing /opt/airflow/dags/reddit_dag.py took 0.134 seconds
